{"C:\\Users\\Жадыра\\WebstormProjects\\skillo\\src\\api\\api.ts": {"path":"C:\\Users\\Жадыра\\WebstormProjects\\skillo\\src\\api\\api.ts","statementMap":{"0":{"start":{"line":37,"column":43},"end":{"line":49,"column":null}},"1":{"start":{"line":51,"column":13},"end":{"line":57,"column":null}},"2":{"start":{"line":52,"column":2},"end":{"line":57,"column":null}},"3":{"start":{"line":53,"column":4},"end":{"line":55,"column":null}},"4":{"start":{"line":54,"column":6},"end":{"line":54,"column":null}},"5":{"start":{"line":56,"column":4},"end":{"line":56,"column":null}},"6":{"start":{"line":59,"column":13},"end":{"line":65,"column":null}},"7":{"start":{"line":60,"column":2},"end":{"line":65,"column":null}},"8":{"start":{"line":61,"column":4},"end":{"line":63,"column":null}},"9":{"start":{"line":62,"column":6},"end":{"line":62,"column":null}},"10":{"start":{"line":64,"column":4},"end":{"line":64,"column":null}},"11":{"start":{"line":83,"column":30},"end":{"line":83,"column":null}},"12":{"start":{"line":84,"column":6},"end":{"line":84,"column":null}},"13":{"start":{"line":84,"column":28},"end":{"line":84,"column":null}},"14":{"start":{"line":84,"column":49},"end":{"line":84,"column":68}},"15":{"start":{"line":87,"column":2},"end":{"line":99,"column":null}},"16":{"start":{"line":88,"column":4},"end":{"line":90,"column":null}},"17":{"start":{"line":89,"column":6},"end":{"line":89,"column":null}},"18":{"start":{"line":92,"column":36},"end":{"line":95,"column":null}},"19":{"start":{"line":96,"column":4},"end":{"line":96,"column":null}},"20":{"start":{"line":98,"column":4},"end":{"line":98,"column":null}},"21":{"start":{"line":102,"column":2},"end":{"line":115,"column":null}},"22":{"start":{"line":103,"column":18},"end":{"line":103,"column":null}},"23":{"start":{"line":104,"column":41},"end":{"line":104,"column":null}},"24":{"start":{"line":106,"column":4},"end":{"line":108,"column":null}},"25":{"start":{"line":107,"column":6},"end":{"line":107,"column":null}},"26":{"start":{"line":110,"column":4},"end":{"line":112,"column":null}},"27":{"start":{"line":111,"column":6},"end":{"line":111,"column":null}},"28":{"start":{"line":114,"column":4},"end":{"line":114,"column":null}},"29":{"start":{"line":119,"column":2},"end":{"line":132,"column":null}},"30":{"start":{"line":120,"column":4},"end":{"line":122,"column":null}},"31":{"start":{"line":121,"column":6},"end":{"line":121,"column":null}},"32":{"start":{"line":124,"column":18},"end":{"line":124,"column":null}},"33":{"start":{"line":125,"column":34},"end":{"line":125,"column":null}},"34":{"start":{"line":127,"column":4},"end":{"line":129,"column":null}},"35":{"start":{"line":128,"column":6},"end":{"line":128,"column":null}},"36":{"start":{"line":131,"column":4},"end":{"line":131,"column":null}},"37":{"start":{"line":140,"column":2},"end":{"line":158,"column":null}},"38":{"start":{"line":141,"column":4},"end":{"line":143,"column":null}},"39":{"start":{"line":142,"column":6},"end":{"line":142,"column":null}},"40":{"start":{"line":145,"column":25},"end":{"line":145,"column":null}},"41":{"start":{"line":146,"column":42},"end":{"line":148,"column":null}},"42":{"start":{"line":150,"column":42},"end":{"line":153,"column":null}},"43":{"start":{"line":155,"column":4},"end":{"line":155,"column":null}},"44":{"start":{"line":157,"column":4},"end":{"line":157,"column":null}},"45":{"start":{"line":161,"column":29},"end":{"line":161,"column":null}},"46":{"start":{"line":163,"column":6},"end":{"line":170,"column":null}},"47":{"start":{"line":164,"column":2},"end":{"line":169,"column":null}},"48":{"start":{"line":165,"column":16},"end":{"line":165,"column":null}},"49":{"start":{"line":166,"column":4},"end":{"line":166,"column":null}},"50":{"start":{"line":168,"column":4},"end":{"line":168,"column":null}},"51":{"start":{"line":172,"column":6},"end":{"line":174,"column":null}},"52":{"start":{"line":173,"column":2},"end":{"line":173,"column":null}},"53":{"start":{"line":177,"column":2},"end":{"line":177,"column":null}},"54":{"start":{"line":177,"column":28},"end":{"line":177,"column":42}},"55":{"start":{"line":189,"column":2},"end":{"line":201,"column":null}},"56":{"start":{"line":190,"column":21},"end":{"line":190,"column":null}},"57":{"start":{"line":192,"column":33},"end":{"line":197,"column":null}},"58":{"start":{"line":199,"column":4},"end":{"line":199,"column":null}},"59":{"start":{"line":200,"column":4},"end":{"line":200,"column":null}},"60":{"start":{"line":205,"column":2},"end":{"line":219,"column":null}},"61":{"start":{"line":206,"column":21},"end":{"line":206,"column":null}},"62":{"start":{"line":207,"column":18},"end":{"line":207,"column":null}},"63":{"start":{"line":207,"column":44},"end":{"line":207,"column":55}},"64":{"start":{"line":209,"column":4},"end":{"line":211,"column":null}},"65":{"start":{"line":210,"column":6},"end":{"line":210,"column":null}},"66":{"start":{"line":213,"column":30},"end":{"line":213,"column":null}},"67":{"start":{"line":214,"column":17},"end":{"line":214,"column":null}},"68":{"start":{"line":215,"column":4},"end":{"line":215,"column":null}},"69":{"start":{"line":216,"column":4},"end":{"line":216,"column":null}},"70":{"start":{"line":218,"column":4},"end":{"line":218,"column":null}},"71":{"start":{"line":222,"column":28},"end":{"line":222,"column":null}},"72":{"start":{"line":225,"column":2},"end":{"line":233,"column":null}},"73":{"start":{"line":226,"column":4},"end":{"line":232,"column":null}},"74":{"start":{"line":227,"column":20},"end":{"line":227,"column":null}},"75":{"start":{"line":228,"column":6},"end":{"line":228,"column":null}},"76":{"start":{"line":231,"column":6},"end":{"line":231,"column":null}},"77":{"start":{"line":235,"column":30},"end":{"line":235,"column":null}},"78":{"start":{"line":236,"column":13},"end":{"line":243,"column":null}},"79":{"start":{"line":237,"column":2},"end":{"line":242,"column":null}},"80":{"start":{"line":238,"column":18},"end":{"line":238,"column":null}},"81":{"start":{"line":239,"column":4},"end":{"line":239,"column":null}},"82":{"start":{"line":241,"column":4},"end":{"line":241,"column":null}},"83":{"start":{"line":245,"column":13},"end":{"line":252,"column":null}},"84":{"start":{"line":246,"column":2},"end":{"line":251,"column":null}},"85":{"start":{"line":247,"column":16},"end":{"line":247,"column":null}},"86":{"start":{"line":248,"column":4},"end":{"line":248,"column":null}},"87":{"start":{"line":250,"column":4},"end":{"line":250,"column":null}},"88":{"start":{"line":253,"column":26},"end":{"line":253,"column":null}},"89":{"start":{"line":254,"column":13},"end":{"line":261,"column":null}},"90":{"start":{"line":255,"column":2},"end":{"line":260,"column":null}},"91":{"start":{"line":256,"column":16},"end":{"line":256,"column":null}},"92":{"start":{"line":257,"column":4},"end":{"line":257,"column":null}},"93":{"start":{"line":259,"column":4},"end":{"line":259,"column":null}},"94":{"start":{"line":262,"column":29},"end":{"line":262,"column":null}},"95":{"start":{"line":263,"column":13},"end":{"line":270,"column":null}},"96":{"start":{"line":264,"column":2},"end":{"line":269,"column":null}},"97":{"start":{"line":265,"column":16},"end":{"line":265,"column":null}},"98":{"start":{"line":266,"column":4},"end":{"line":266,"column":null}},"99":{"start":{"line":268,"column":4},"end":{"line":268,"column":null}}},"fnMap":{"0":{"name":"(anonymous_0)","decl":{"start":{"line":51,"column":13},"end":{"line":51,"column":null}},"loc":{"start":{"line":52,"column":2},"end":{"line":57,"column":null}},"line":52},"1":{"name":"(anonymous_1)","decl":{"start":{"line":52,"column":27},"end":{"line":52,"column":33}},"loc":{"start":{"line":52,"column":46},"end":{"line":57,"column":3}},"line":52},"2":{"name":"(anonymous_2)","decl":{"start":{"line":59,"column":13},"end":{"line":59,"column":null}},"loc":{"start":{"line":60,"column":2},"end":{"line":65,"column":null}},"line":60},"3":{"name":"(anonymous_3)","decl":{"start":{"line":60,"column":32},"end":{"line":60,"column":38}},"loc":{"start":{"line":60,"column":46},"end":{"line":65,"column":3}},"line":60},"4":{"name":"(anonymous_4)","decl":{"start":{"line":84,"column":6},"end":{"line":84,"column":15}},"loc":{"start":{"line":84,"column":28},"end":{"line":84,"column":null}},"line":84},"5":{"name":"(anonymous_5)","decl":{"start":{"line":84,"column":32},"end":{"line":84,"column":41}},"loc":{"start":{"line":84,"column":49},"end":{"line":84,"column":68}},"line":84},"6":{"name":"register","decl":{"start":{"line":86,"column":16},"end":{"line":86,"column":25}},"loc":{"start":{"line":86,"column":78},"end":{"line":100,"column":null}},"line":86},"7":{"name":"(anonymous_7)","decl":{"start":{"line":87,"column":17},"end":{"line":87,"column":28}},"loc":{"start":{"line":87,"column":28},"end":{"line":99,"column":3}},"line":87},"8":{"name":"login","decl":{"start":{"line":101,"column":16},"end":{"line":101,"column":22}},"loc":{"start":{"line":101,"column":72},"end":{"line":116,"column":null}},"line":101},"9":{"name":"(anonymous_9)","decl":{"start":{"line":102,"column":17},"end":{"line":102,"column":28}},"loc":{"start":{"line":102,"column":28},"end":{"line":115,"column":3}},"line":102},"10":{"name":"getUser","decl":{"start":{"line":118,"column":16},"end":{"line":118,"column":24}},"loc":{"start":{"line":118,"column":55},"end":{"line":133,"column":null}},"line":118},"11":{"name":"(anonymous_11)","decl":{"start":{"line":119,"column":17},"end":{"line":119,"column":28}},"loc":{"start":{"line":119,"column":28},"end":{"line":132,"column":3}},"line":119},"12":{"name":"updateProfile","decl":{"start":{"line":136,"column":16},"end":{"line":136,"column":null}},"loc":{"start":{"line":139,"column":26},"end":{"line":159,"column":null}},"line":139},"13":{"name":"(anonymous_13)","decl":{"start":{"line":140,"column":17},"end":{"line":140,"column":28}},"loc":{"start":{"line":140,"column":28},"end":{"line":158,"column":3}},"line":140},"14":{"name":"(anonymous_14)","decl":{"start":{"line":163,"column":6},"end":{"line":163,"column":39}},"loc":{"start":{"line":163,"column":39},"end":{"line":170,"column":null}},"line":163},"15":{"name":"(anonymous_15)","decl":{"start":{"line":172,"column":6},"end":{"line":172,"column":23}},"loc":{"start":{"line":172,"column":48},"end":{"line":174,"column":null}},"line":172},"16":{"name":"getRequests","decl":{"start":{"line":176,"column":16},"end":{"line":176,"column":51}},"loc":{"start":{"line":176,"column":51},"end":{"line":178,"column":null}},"line":176},"17":{"name":"(anonymous_17)","decl":{"start":{"line":177,"column":17},"end":{"line":177,"column":28}},"loc":{"start":{"line":177,"column":28},"end":{"line":177,"column":42}},"line":177},"18":{"name":"createRequest","decl":{"start":{"line":188,"column":16},"end":{"line":188,"column":30}},"loc":{"start":{"line":188,"column":75},"end":{"line":202,"column":null}},"line":188},"19":{"name":"(anonymous_19)","decl":{"start":{"line":189,"column":17},"end":{"line":189,"column":28}},"loc":{"start":{"line":189,"column":28},"end":{"line":201,"column":3}},"line":189},"20":{"name":"updateRequestStatus","decl":{"start":{"line":204,"column":16},"end":{"line":204,"column":36}},"loc":{"start":{"line":204,"column":91},"end":{"line":220,"column":null}},"line":204},"21":{"name":"(anonymous_21)","decl":{"start":{"line":205,"column":17},"end":{"line":205,"column":28}},"loc":{"start":{"line":205,"column":28},"end":{"line":219,"column":3}},"line":205},"22":{"name":"(anonymous_22)","decl":{"start":{"line":207,"column":27},"end":{"line":207,"column":38}},"loc":{"start":{"line":207,"column":44},"end":{"line":207,"column":55}},"line":207},"23":{"name":"getProfile","decl":{"start":{"line":224,"column":16},"end":{"line":224,"column":53}},"loc":{"start":{"line":224,"column":53},"end":{"line":234,"column":1}},"line":224},"24":{"name":"(anonymous_24)","decl":{"start":{"line":225,"column":20},"end":{"line":225,"column":31}},"loc":{"start":{"line":225,"column":31},"end":{"line":233,"column":3}},"line":225},"25":{"name":"(anonymous_25)","decl":{"start":{"line":236,"column":13},"end":{"line":236,"column":44}},"loc":{"start":{"line":236,"column":44},"end":{"line":243,"column":null}},"line":236},"26":{"name":"(anonymous_26)","decl":{"start":{"line":245,"column":13},"end":{"line":245,"column":28}},"loc":{"start":{"line":245,"column":54},"end":{"line":252,"column":null}},"line":245},"27":{"name":"(anonymous_27)","decl":{"start":{"line":254,"column":13},"end":{"line":254,"column":52}},"loc":{"start":{"line":254,"column":52},"end":{"line":261,"column":null}},"line":254},"28":{"name":"(anonymous_28)","decl":{"start":{"line":263,"column":13},"end":{"line":263,"column":44}},"loc":{"start":{"line":263,"column":44},"end":{"line":270,"column":null}},"line":263}},"branchMap":{"0":{"loc":{"start":{"line":53,"column":4},"end":{"line":55,"column":null}},"type":"if","locations":[{"start":{"line":53,"column":4},"end":{"line":55,"column":null}},{"start":{},"end":{}}],"line":53},"1":{"loc":{"start":{"line":61,"column":4},"end":{"line":63,"column":null}},"type":"if","locations":[{"start":{"line":61,"column":4},"end":{"line":63,"column":null}},{"start":{},"end":{}}],"line":61},"2":{"loc":{"start":{"line":84,"column":15},"end":{"line":84,"column":28}},"type":"default-arg","locations":[{"start":{"line":84,"column":20},"end":{"line":84,"column":28}}],"line":84},"3":{"loc":{"start":{"line":88,"column":4},"end":{"line":90,"column":null}},"type":"if","locations":[{"start":{"line":88,"column":4},"end":{"line":90,"column":null}},{"start":{},"end":{}}],"line":88},"4":{"loc":{"start":{"line":88,"column":8},"end":{"line":88,"column":65}},"type":"binary-expr","locations":[{"start":{"line":88,"column":8},"end":{"line":88,"column":31}},{"start":{"line":88,"column":31},"end":{"line":88,"column":65}}],"line":88},"5":{"loc":{"start":{"line":104,"column":41},"end":{"line":104,"column":null}},"type":"cond-expr","locations":[{"start":{"line":104,"column":49},"end":{"line":104,"column":69}},{"start":{"line":104,"column":69},"end":{"line":104,"column":null}}],"line":104},"6":{"loc":{"start":{"line":106,"column":4},"end":{"line":108,"column":null}},"type":"if","locations":[{"start":{"line":106,"column":4},"end":{"line":108,"column":null}},{"start":{},"end":{}}],"line":106},"7":{"loc":{"start":{"line":106,"column":8},"end":{"line":106,"column":58}},"type":"binary-expr","locations":[{"start":{"line":106,"column":8},"end":{"line":106,"column":19}},{"start":{"line":106,"column":19},"end":{"line":106,"column":58}}],"line":106},"8":{"loc":{"start":{"line":110,"column":4},"end":{"line":112,"column":null}},"type":"if","locations":[{"start":{"line":110,"column":4},"end":{"line":112,"column":null}},{"start":{},"end":{}}],"line":110},"9":{"loc":{"start":{"line":110,"column":8},"end":{"line":110,"column":62}},"type":"binary-expr","locations":[{"start":{"line":110,"column":8},"end":{"line":110,"column":31}},{"start":{"line":110,"column":31},"end":{"line":110,"column":62}}],"line":110},"10":{"loc":{"start":{"line":120,"column":4},"end":{"line":122,"column":null}},"type":"if","locations":[{"start":{"line":120,"column":4},"end":{"line":122,"column":null}},{"start":{},"end":{}}],"line":120},"11":{"loc":{"start":{"line":125,"column":34},"end":{"line":125,"column":null}},"type":"cond-expr","locations":[{"start":{"line":125,"column":42},"end":{"line":125,"column":62}},{"start":{"line":125,"column":62},"end":{"line":125,"column":null}}],"line":125},"12":{"loc":{"start":{"line":127,"column":4},"end":{"line":129,"column":null}},"type":"if","locations":[{"start":{"line":127,"column":4},"end":{"line":129,"column":null}},{"start":{},"end":{}}],"line":127},"13":{"loc":{"start":{"line":127,"column":8},"end":{"line":127,"column":43}},"type":"binary-expr","locations":[{"start":{"line":127,"column":8},"end":{"line":127,"column":19}},{"start":{"line":127,"column":19},"end":{"line":127,"column":43}}],"line":127},"14":{"loc":{"start":{"line":141,"column":4},"end":{"line":143,"column":null}},"type":"if","locations":[{"start":{"line":141,"column":4},"end":{"line":143,"column":null}},{"start":{},"end":{}}],"line":141},"15":{"loc":{"start":{"line":146,"column":42},"end":{"line":148,"column":null}},"type":"cond-expr","locations":[{"start":{"line":147,"column":8},"end":{"line":147,"column":null}},{"start":{"line":148,"column":8},"end":{"line":148,"column":null}}],"line":146},"16":{"loc":{"start":{"line":166,"column":11},"end":{"line":166,"column":null}},"type":"cond-expr","locations":[{"start":{"line":166,"column":17},"end":{"line":166,"column":35}},{"start":{"line":166,"column":35},"end":{"line":166,"column":null}}],"line":166},"17":{"loc":{"start":{"line":209,"column":4},"end":{"line":211,"column":null}},"type":"if","locations":[{"start":{"line":209,"column":4},"end":{"line":211,"column":null}},{"start":{},"end":{}}],"line":209},"18":{"loc":{"start":{"line":228,"column":13},"end":{"line":228,"column":null}},"type":"cond-expr","locations":[{"start":{"line":228,"column":21},"end":{"line":228,"column":41}},{"start":{"line":228,"column":41},"end":{"line":228,"column":null}}],"line":228},"19":{"loc":{"start":{"line":239,"column":11},"end":{"line":239,"column":null}},"type":"cond-expr","locations":[{"start":{"line":239,"column":19},"end":{"line":239,"column":39}},{"start":{"line":239,"column":39},"end":{"line":239,"column":null}}],"line":239},"20":{"loc":{"start":{"line":248,"column":11},"end":{"line":248,"column":null}},"type":"cond-expr","locations":[{"start":{"line":248,"column":17},"end":{"line":248,"column":35}},{"start":{"line":248,"column":35},"end":{"line":248,"column":null}}],"line":248},"21":{"loc":{"start":{"line":257,"column":11},"end":{"line":257,"column":null}},"type":"cond-expr","locations":[{"start":{"line":257,"column":17},"end":{"line":257,"column":35}},{"start":{"line":257,"column":35},"end":{"line":257,"column":null}}],"line":257},"22":{"loc":{"start":{"line":266,"column":11},"end":{"line":266,"column":null}},"type":"cond-expr","locations":[{"start":{"line":266,"column":17},"end":{"line":266,"column":35}},{"start":{"line":266,"column":35},"end":{"line":266,"column":null}}],"line":266}},"s":{"0":8,"1":8,"2":0,"3":0,"4":0,"5":0,"6":8,"7":0,"8":0,"9":0,"10":0,"11":8,"12":8,"13":0,"14":0,"15":0,"16":0,"17":0,"18":0,"19":0,"20":0,"21":0,"22":0,"23":0,"24":0,"25":0,"26":0,"27":0,"28":0,"29":0,"30":0,"31":0,"32":0,"33":0,"34":0,"35":0,"36":0,"37":0,"38":0,"39":0,"40":0,"41":0,"42":0,"43":0,"44":0,"45":8,"46":8,"47":0,"48":0,"49":0,"50":0,"51":8,"52":0,"53":0,"54":0,"55":0,"56":0,"57":0,"58":0,"59":0,"60":0,"61":0,"62":0,"63":0,"64":0,"65":0,"66":0,"67":0,"68":0,"69":0,"70":0,"71":8,"72":0,"73":0,"74":0,"75":0,"76":0,"77":8,"78":8,"79":0,"80":0,"81":0,"82":0,"83":8,"84":0,"85":0,"86":0,"87":0,"88":8,"89":8,"90":0,"91":0,"92":0,"93":0,"94":8,"95":8,"96":0,"97":0,"98":0,"99":0},"f":{"0":0,"1":0,"2":0,"3":0,"4":0,"5":0,"6":0,"7":0,"8":0,"9":0,"10":0,"11":0,"12":0,"13":0,"14":0,"15":0,"16":0,"17":0,"18":0,"19":0,"20":0,"21":0,"22":0,"23":0,"24":0,"25":0,"26":0,"27":0,"28":0},"b":{"0":[0,0],"1":[0,0],"2":[0],"3":[0,0],"4":[0,0],"5":[0,0],"6":[0,0],"7":[0,0],"8":[0,0],"9":[0,0],"10":[0,0],"11":[0,0],"12":[0,0],"13":[0,0],"14":[0,0],"15":[0,0],"16":[0,0],"17":[0,0],"18":[0,0],"19":[0,0],"20":[0,0],"21":[0,0],"22":[0,0]},"meta":{"lastBranch":23,"lastFunction":29,"lastStatement":100,"seen":{"s:37:43:49:Infinity":0,"s:51:13:57:Infinity":1,"f:51:13:51:Infinity":0,"s:52:2:57:Infinity":2,"f:52:27:52:33":1,"b:53:4:55:Infinity:undefined:undefined:undefined:undefined":0,"s:53:4:55:Infinity":3,"s:54:6:54:Infinity":4,"s:56:4:56:Infinity":5,"s:59:13:65:Infinity":6,"f:59:13:59:Infinity":2,"s:60:2:65:Infinity":7,"f:60:32:60:38":3,"b:61:4:63:Infinity:undefined:undefined:undefined:undefined":1,"s:61:4:63:Infinity":8,"s:62:6:62:Infinity":9,"s:64:4:64:Infinity":10,"s:83:30:83:Infinity":11,"s:84:6:84:Infinity":12,"f:84:6:84:15":4,"s:84:28:84:Infinity":13,"b:84:20:84:28":2,"f:84:32:84:41":5,"s:84:49:84:68":14,"f:86:16:86:25":6,"s:87:2:99:Infinity":15,"f:87:17:87:28":7,"b:88:4:90:Infinity:undefined:undefined:undefined:undefined":3,"s:88:4:90:Infinity":16,"b:88:8:88:31:88:31:88:65":4,"s:89:6:89:Infinity":17,"s:92:36:95:Infinity":18,"s:96:4:96:Infinity":19,"s:98:4:98:Infinity":20,"f:101:16:101:22":8,"s:102:2:115:Infinity":21,"f:102:17:102:28":9,"s:103:18:103:Infinity":22,"s:104:41:104:Infinity":23,"b:104:49:104:69:104:69:104:Infinity":5,"b:106:4:108:Infinity:undefined:undefined:undefined:undefined":6,"s:106:4:108:Infinity":24,"b:106:8:106:19:106:19:106:58":7,"s:107:6:107:Infinity":25,"b:110:4:112:Infinity:undefined:undefined:undefined:undefined":8,"s:110:4:112:Infinity":26,"b:110:8:110:31:110:31:110:62":9,"s:111:6:111:Infinity":27,"s:114:4:114:Infinity":28,"f:118:16:118:24":10,"s:119:2:132:Infinity":29,"f:119:17:119:28":11,"b:120:4:122:Infinity:undefined:undefined:undefined:undefined":10,"s:120:4:122:Infinity":30,"s:121:6:121:Infinity":31,"s:124:18:124:Infinity":32,"s:125:34:125:Infinity":33,"b:125:42:125:62:125:62:125:Infinity":11,"b:127:4:129:Infinity:undefined:undefined:undefined:undefined":12,"s:127:4:129:Infinity":34,"b:127:8:127:19:127:19:127:43":13,"s:128:6:128:Infinity":35,"s:131:4:131:Infinity":36,"f:136:16:136:Infinity":12,"s:140:2:158:Infinity":37,"f:140:17:140:28":13,"b:141:4:143:Infinity:undefined:undefined:undefined:undefined":14,"s:141:4:143:Infinity":38,"s:142:6:142:Infinity":39,"s:145:25:145:Infinity":40,"s:146:42:148:Infinity":41,"b:147:8:147:Infinity:148:8:148:Infinity":15,"s:150:42:153:Infinity":42,"s:155:4:155:Infinity":43,"s:157:4:157:Infinity":44,"s:161:29:161:Infinity":45,"s:163:6:170:Infinity":46,"f:163:6:163:39":14,"s:164:2:169:Infinity":47,"s:165:16:165:Infinity":48,"s:166:4:166:Infinity":49,"b:166:17:166:35:166:35:166:Infinity":16,"s:168:4:168:Infinity":50,"s:172:6:174:Infinity":51,"f:172:6:172:23":15,"s:173:2:173:Infinity":52,"f:176:16:176:51":16,"s:177:2:177:Infinity":53,"f:177:17:177:28":17,"s:177:28:177:42":54,"f:188:16:188:30":18,"s:189:2:201:Infinity":55,"f:189:17:189:28":19,"s:190:21:190:Infinity":56,"s:192:33:197:Infinity":57,"s:199:4:199:Infinity":58,"s:200:4:200:Infinity":59,"f:204:16:204:36":20,"s:205:2:219:Infinity":60,"f:205:17:205:28":21,"s:206:21:206:Infinity":61,"s:207:18:207:Infinity":62,"f:207:27:207:38":22,"s:207:44:207:55":63,"b:209:4:211:Infinity:undefined:undefined:undefined:undefined":17,"s:209:4:211:Infinity":64,"s:210:6:210:Infinity":65,"s:213:30:213:Infinity":66,"s:214:17:214:Infinity":67,"s:215:4:215:Infinity":68,"s:216:4:216:Infinity":69,"s:218:4:218:Infinity":70,"s:222:28:222:Infinity":71,"f:224:16:224:53":23,"s:225:2:233:Infinity":72,"f:225:20:225:31":24,"s:226:4:232:Infinity":73,"s:227:20:227:Infinity":74,"s:228:6:228:Infinity":75,"b:228:21:228:41:228:41:228:Infinity":18,"s:231:6:231:Infinity":76,"s:235:30:235:Infinity":77,"s:236:13:243:Infinity":78,"f:236:13:236:44":25,"s:237:2:242:Infinity":79,"s:238:18:238:Infinity":80,"s:239:4:239:Infinity":81,"b:239:19:239:39:239:39:239:Infinity":19,"s:241:4:241:Infinity":82,"s:245:13:252:Infinity":83,"f:245:13:245:28":26,"s:246:2:251:Infinity":84,"s:247:16:247:Infinity":85,"s:248:4:248:Infinity":86,"b:248:17:248:35:248:35:248:Infinity":20,"s:250:4:250:Infinity":87,"s:253:26:253:Infinity":88,"s:254:13:261:Infinity":89,"f:254:13:254:52":27,"s:255:2:260:Infinity":90,"s:256:16:256:Infinity":91,"s:257:4:257:Infinity":92,"b:257:17:257:35:257:35:257:Infinity":21,"s:259:4:259:Infinity":93,"s:262:29:262:Infinity":94,"s:263:13:270:Infinity":95,"f:263:13:263:44":28,"s:264:2:269:Infinity":96,"s:265:16:265:Infinity":97,"s:266:4:266:Infinity":98,"b:266:17:266:35:266:35:266:Infinity":22,"s:268:4:268:Infinity":99},"fnNames":{}}}
,"C:\\Users\\Жадыра\\WebstormProjects\\skillo\\src\\entites\\badge\\model\\types.ts": {"path":"C:\\Users\\Жадыра\\WebstormProjects\\skillo\\src\\entites\\badge\\model\\types.ts","statementMap":{"0":{"start":{"line":1,"column":7},"end":{"line":8,"column":null}},"1":{"start":{"line":2,"column":2},"end":{"line":2,"column":null}},"2":{"start":{"line":3,"column":2},"end":{"line":3,"column":null}},"3":{"start":{"line":4,"column":2},"end":{"line":4,"column":null}},"4":{"start":{"line":5,"column":2},"end":{"line":5,"column":null}},"5":{"start":{"line":6,"column":2},"end":{"line":6,"column":null}},"6":{"start":{"line":7,"column":2},"end":{"line":7,"column":null}}},"fnMap":{"0":{"name":"(anonymous_0)","decl":{"start":{"line":1,"column":7},"end":{"line":1,"column":12}},"loc":{"start":{"line":1,"column":7},"end":{"line":8,"column":null}},"line":1}},"branchMap":{},"s":{"0":8,"1":8,"2":8,"3":8,"4":8,"5":8,"6":8},"f":{"0":8},"b":{},"meta":{"lastBranch":0,"lastFunction":1,"lastStatement":7,"seen":{"s:1:7:8:Infinity":0,"f:1:7:1:12":0,"s:2:2:2:Infinity":1,"s:3:2:3:Infinity":2,"s:4:2:4:Infinity":3,"s:5:2:5:Infinity":4,"s:6:2:6:Infinity":5,"s:7:2:7:Infinity":6},"fnNames":{}}}
,"C:\\Users\\Жадыра\\WebstormProjects\\skillo\\src\\slices\\authSlice.ts": {"path":"C:\\Users\\Жадыра\\WebstormProjects\\skillo\\src\\slices\\authSlice.ts","statementMap":{"0":{"start":{"line":15,"column":29},"end":{"line":20,"column":null}},"1":{"start":{"line":18,"column":4},"end":{"line":18,"column":null}},"2":{"start":{"line":22,"column":26},"end":{"line":27,"column":null}},"3":{"start":{"line":25,"column":4},"end":{"line":25,"column":null}},"4":{"start":{"line":29,"column":28},"end":{"line":34,"column":null}},"5":{"start":{"line":32,"column":4},"end":{"line":32,"column":null}},"6":{"start":{"line":43,"column":6},"end":{"line":49,"column":null}},"7":{"start":{"line":44,"column":2},"end":{"line":48,"column":null}},"8":{"start":{"line":45,"column":4},"end":{"line":45,"column":null}},"9":{"start":{"line":47,"column":4},"end":{"line":47,"column":null}},"10":{"start":{"line":51,"column":32},"end":{"line":54,"column":null}},"11":{"start":{"line":56,"column":25},"end":{"line":114,"column":null}},"12":{"start":{"line":61,"column":6},"end":{"line":61,"column":null}},"13":{"start":{"line":62,"column":6},"end":{"line":62,"column":null}},"14":{"start":{"line":63,"column":6},"end":{"line":63,"column":null}},"15":{"start":{"line":64,"column":6},"end":{"line":64,"column":null}},"16":{"start":{"line":68,"column":4},"end":{"line":112,"column":null}},"17":{"start":{"line":70,"column":8},"end":{"line":70,"column":null}},"18":{"start":{"line":71,"column":8},"end":{"line":71,"column":null}},"19":{"start":{"line":74,"column":8},"end":{"line":74,"column":null}},"20":{"start":{"line":75,"column":8},"end":{"line":75,"column":null}},"21":{"start":{"line":76,"column":8},"end":{"line":76,"column":null}},"22":{"start":{"line":77,"column":8},"end":{"line":77,"column":null}},"23":{"start":{"line":80,"column":8},"end":{"line":80,"column":null}},"24":{"start":{"line":81,"column":8},"end":{"line":81,"column":null}},"25":{"start":{"line":85,"column":8},"end":{"line":85,"column":null}},"26":{"start":{"line":86,"column":8},"end":{"line":86,"column":null}},"27":{"start":{"line":89,"column":8},"end":{"line":89,"column":null}},"28":{"start":{"line":90,"column":8},"end":{"line":90,"column":null}},"29":{"start":{"line":91,"column":8},"end":{"line":91,"column":null}},"30":{"start":{"line":92,"column":8},"end":{"line":92,"column":null}},"31":{"start":{"line":95,"column":8},"end":{"line":95,"column":null}},"32":{"start":{"line":96,"column":8},"end":{"line":96,"column":null}},"33":{"start":{"line":100,"column":8},"end":{"line":100,"column":null}},"34":{"start":{"line":101,"column":8},"end":{"line":101,"column":null}},"35":{"start":{"line":104,"column":8},"end":{"line":104,"column":null}},"36":{"start":{"line":105,"column":8},"end":{"line":105,"column":null}},"37":{"start":{"line":108,"column":8},"end":{"line":108,"column":null}},"38":{"start":{"line":109,"column":8},"end":{"line":109,"column":null}},"39":{"start":{"line":110,"column":8},"end":{"line":111,"column":null}},"40":{"start":{"line":116,"column":26},"end":{"line":116,"column":null}}},"fnMap":{"0":{"name":"(anonymous_0)","decl":{"start":{"line":17,"column":2},"end":{"line":17,"column":9}},"loc":{"start":{"line":17,"column":26},"end":{"line":19,"column":null}},"line":17},"1":{"name":"(anonymous_1)","decl":{"start":{"line":24,"column":2},"end":{"line":24,"column":9}},"loc":{"start":{"line":24,"column":23},"end":{"line":26,"column":null}},"line":24},"2":{"name":"(anonymous_2)","decl":{"start":{"line":31,"column":2},"end":{"line":31,"column":9}},"loc":{"start":{"line":31,"column":19},"end":{"line":33,"column":null}},"line":31},"3":{"name":"(anonymous_3)","decl":{"start":{"line":43,"column":6},"end":{"line":43,"column":55}},"loc":{"start":{"line":43,"column":55},"end":{"line":49,"column":null}},"line":43},"4":{"name":"(anonymous_4)","decl":{"start":{"line":60,"column":4},"end":{"line":60,"column":13}},"loc":{"start":{"line":60,"column":23},"end":{"line":65,"column":null}},"line":60},"5":{"name":"(anonymous_5)","decl":{"start":{"line":67,"column":2},"end":{"line":67,"column":18}},"loc":{"start":{"line":67,"column":30},"end":{"line":113,"column":null}},"line":67},"6":{"name":"(anonymous_6)","decl":{"start":{"line":69,"column":29},"end":{"line":69,"column":39}},"loc":{"start":{"line":69,"column":49},"end":{"line":72,"column":7}},"line":69},"7":{"name":"(anonymous_7)","decl":{"start":{"line":73,"column":29},"end":{"line":73,"column":41}},"loc":{"start":{"line":73,"column":59},"end":{"line":78,"column":7}},"line":73},"8":{"name":"(anonymous_8)","decl":{"start":{"line":79,"column":29},"end":{"line":79,"column":40}},"loc":{"start":{"line":79,"column":58},"end":{"line":82,"column":7}},"line":79},"9":{"name":"(anonymous_9)","decl":{"start":{"line":84,"column":26},"end":{"line":84,"column":36}},"loc":{"start":{"line":84,"column":46},"end":{"line":87,"column":7}},"line":84},"10":{"name":"(anonymous_10)","decl":{"start":{"line":88,"column":26},"end":{"line":88,"column":38}},"loc":{"start":{"line":88,"column":56},"end":{"line":93,"column":7}},"line":88},"11":{"name":"(anonymous_11)","decl":{"start":{"line":94,"column":26},"end":{"line":94,"column":37}},"loc":{"start":{"line":94,"column":55},"end":{"line":97,"column":7}},"line":94},"12":{"name":"(anonymous_12)","decl":{"start":{"line":99,"column":28},"end":{"line":99,"column":38}},"loc":{"start":{"line":99,"column":48},"end":{"line":102,"column":7}},"line":99},"13":{"name":"(anonymous_13)","decl":{"start":{"line":103,"column":28},"end":{"line":103,"column":40}},"loc":{"start":{"line":103,"column":58},"end":{"line":106,"column":7}},"line":103},"14":{"name":"(anonymous_14)","decl":{"start":{"line":107,"column":28},"end":{"line":107,"column":39}},"loc":{"start":{"line":107,"column":57},"end":{"line":112,"column":7}},"line":107}},"branchMap":{"0":{"loc":{"start":{"line":45,"column":11},"end":{"line":45,"column":null}},"type":"binary-expr","locations":[{"start":{"line":45,"column":11},"end":{"line":45,"column":50}},{"start":{"line":45,"column":50},"end":{"line":45,"column":null}}],"line":45},"1":{"loc":{"start":{"line":81,"column":22},"end":{"line":81,"column":null}},"type":"binary-expr","locations":[{"start":{"line":81,"column":22},"end":{"line":81,"column":46}},{"start":{"line":81,"column":46},"end":{"line":81,"column":null}}],"line":81},"2":{"loc":{"start":{"line":96,"column":22},"end":{"line":96,"column":null}},"type":"binary-expr","locations":[{"start":{"line":96,"column":22},"end":{"line":96,"column":46}},{"start":{"line":96,"column":46},"end":{"line":96,"column":null}}],"line":96},"3":{"loc":{"start":{"line":111,"column":10},"end":{"line":111,"column":null}},"type":"binary-expr","locations":[{"start":{"line":111,"column":10},"end":{"line":111,"column":34}},{"start":{"line":111,"column":34},"end":{"line":111,"column":null}}],"line":111}},"s":{"0":1,"1":0,"2":1,"3":0,"4":1,"5":0,"6":1,"7":1,"8":1,"9":0,"10":1,"11":1,"12":1,"13":1,"14":1,"15":1,"16":1,"17":1,"18":1,"19":1,"20":1,"21":1,"22":1,"23":1,"24":1,"25":1,"26":1,"27":1,"28":1,"29":1,"30":1,"31":0,"32":0,"33":1,"34":1,"35":1,"36":1,"37":5,"38":5,"39":5,"40":1},"f":{"0":0,"1":0,"2":0,"3":1,"4":1,"5":1,"6":1,"7":1,"8":1,"9":1,"10":1,"11":0,"12":1,"13":1,"14":5},"b":{"0":[1,1],"1":[1,1],"2":[0,0],"3":[5,2]},"meta":{"lastBranch":4,"lastFunction":15,"lastStatement":41,"seen":{"s:15:29:20:Infinity":0,"f:17:2:17:9":0,"s:18:4:18:Infinity":1,"s:22:26:27:Infinity":2,"f:24:2:24:9":1,"s:25:4:25:Infinity":3,"s:29:28:34:Infinity":4,"f:31:2:31:9":2,"s:32:4:32:Infinity":5,"s:43:6:49:Infinity":6,"f:43:6:43:55":3,"s:44:2:48:Infinity":7,"s:45:4:45:Infinity":8,"b:45:11:45:50:45:50:45:Infinity":0,"s:47:4:47:Infinity":9,"s:51:32:54:Infinity":10,"s:56:25:114:Infinity":11,"f:60:4:60:13":4,"s:61:6:61:Infinity":12,"s:62:6:62:Infinity":13,"s:63:6:63:Infinity":14,"s:64:6:64:Infinity":15,"f:67:2:67:18":5,"s:68:4:112:Infinity":16,"f:69:29:69:39":6,"s:70:8:70:Infinity":17,"s:71:8:71:Infinity":18,"f:73:29:73:41":7,"s:74:8:74:Infinity":19,"s:75:8:75:Infinity":20,"s:76:8:76:Infinity":21,"s:77:8:77:Infinity":22,"f:79:29:79:40":8,"s:80:8:80:Infinity":23,"s:81:8:81:Infinity":24,"b:81:22:81:46:81:46:81:Infinity":1,"f:84:26:84:36":9,"s:85:8:85:Infinity":25,"s:86:8:86:Infinity":26,"f:88:26:88:38":10,"s:89:8:89:Infinity":27,"s:90:8:90:Infinity":28,"s:91:8:91:Infinity":29,"s:92:8:92:Infinity":30,"f:94:26:94:37":11,"s:95:8:95:Infinity":31,"s:96:8:96:Infinity":32,"b:96:22:96:46:96:46:96:Infinity":2,"f:99:28:99:38":12,"s:100:8:100:Infinity":33,"s:101:8:101:Infinity":34,"f:103:28:103:40":13,"s:104:8:104:Infinity":35,"s:105:8:105:Infinity":36,"f:107:28:107:39":14,"s:108:8:108:Infinity":37,"s:109:8:109:Infinity":38,"s:110:8:111:Infinity":39,"b:111:10:111:34:111:34:111:Infinity":3,"s:116:26:116:Infinity":40},"fnNames":{}}}
,"C:\\Users\\Жадыра\\WebstormProjects\\skillo\\src\\slices\\badgeSlice.ts": {"path":"C:\\Users\\Жадыра\\WebstormProjects\\skillo\\src\\slices\\badgeSlice.ts","statementMap":{"0":{"start":{"line":5,"column":29},"end":{"line":5,"column":null}},"1":{"start":{"line":7,"column":32},"end":{"line":10,"column":null}},"2":{"start":{"line":9,"column":8},"end":{"line":9,"column":null}},"3":{"start":{"line":12,"column":6},"end":{"line":14,"column":null}},"4":{"start":{"line":13,"column":2},"end":{"line":13,"column":null}},"5":{"start":{"line":22,"column":34},"end":{"line":26,"column":null}},"6":{"start":{"line":28,"column":26},"end":{"line":56,"column":null}},"7":{"start":{"line":33,"column":21},"end":{"line":35,"column":null}},"8":{"start":{"line":36,"column":6},"end":{"line":36,"column":null}},"9":{"start":{"line":37,"column":6},"end":{"line":37,"column":null}},"10":{"start":{"line":41,"column":4},"end":{"line":54,"column":null}},"11":{"start":{"line":43,"column":8},"end":{"line":43,"column":null}},"12":{"start":{"line":44,"column":8},"end":{"line":44,"column":null}},"13":{"start":{"line":47,"column":8},"end":{"line":47,"column":null}},"14":{"start":{"line":48,"column":8},"end":{"line":48,"column":null}},"15":{"start":{"line":51,"column":8},"end":{"line":51,"column":null}},"16":{"start":{"line":52,"column":8},"end":{"line":53,"column":null}},"17":{"start":{"line":58,"column":32},"end":{"line":58,"column":null}}},"fnMap":{"0":{"name":"(anonymous_0)","decl":{"start":{"line":8,"column":2},"end":{"line":8,"column":null}},"loc":{"start":{"line":9,"column":8},"end":{"line":9,"column":null}},"line":9},"1":{"name":"(anonymous_1)","decl":{"start":{"line":12,"column":6},"end":{"line":12,"column":22}},"loc":{"start":{"line":12,"column":41},"end":{"line":14,"column":null}},"line":12},"2":{"name":"(anonymous_2)","decl":{"start":{"line":32,"column":4},"end":{"line":32,"column":19}},"loc":{"start":{"line":32,"column":63},"end":{"line":38,"column":null}},"line":32},"3":{"name":"(anonymous_3)","decl":{"start":{"line":40,"column":2},"end":{"line":40,"column":18}},"loc":{"start":{"line":40,"column":30},"end":{"line":55,"column":null}},"line":40},"4":{"name":"(anonymous_4)","decl":{"start":{"line":42,"column":32},"end":{"line":42,"column":42}},"loc":{"start":{"line":42,"column":52},"end":{"line":45,"column":7}},"line":42},"5":{"name":"(anonymous_5)","decl":{"start":{"line":46,"column":32},"end":{"line":46,"column":44}},"loc":{"start":{"line":46,"column":62},"end":{"line":49,"column":7}},"line":46},"6":{"name":"(anonymous_6)","decl":{"start":{"line":50,"column":32},"end":{"line":50,"column":43}},"loc":{"start":{"line":50,"column":61},"end":{"line":54,"column":7}},"line":50}},"branchMap":{"0":{"loc":{"start":{"line":53,"column":10},"end":{"line":53,"column":null}},"type":"binary-expr","locations":[{"start":{"line":53,"column":10},"end":{"line":53,"column":34}},{"start":{"line":53,"column":34},"end":{"line":53,"column":null}}],"line":53}},"s":{"0":1,"1":1,"2":0,"3":1,"4":1,"5":1,"6":1,"7":1,"8":1,"9":1,"10":1,"11":1,"12":1,"13":1,"14":1,"15":2,"16":2,"17":1},"f":{"0":0,"1":1,"2":1,"3":1,"4":1,"5":1,"6":2},"b":{"0":[2,1]},"meta":{"lastBranch":1,"lastFunction":7,"lastStatement":18,"seen":{"s:5:29:5:Infinity":0,"s:7:32:10:Infinity":1,"f:8:2:8:Infinity":0,"s:9:8:9:Infinity":2,"s:12:6:14:Infinity":3,"f:12:6:12:22":1,"s:13:2:13:Infinity":4,"s:22:34:26:Infinity":5,"s:28:26:56:Infinity":6,"f:32:4:32:19":2,"s:33:21:35:Infinity":7,"s:36:6:36:Infinity":8,"s:37:6:37:Infinity":9,"f:40:2:40:18":3,"s:41:4:54:Infinity":10,"f:42:32:42:42":4,"s:43:8:43:Infinity":11,"s:44:8:44:Infinity":12,"f:46:32:46:44":5,"s:47:8:47:Infinity":13,"s:48:8:48:Infinity":14,"f:50:32:50:43":6,"s:51:8:51:Infinity":15,"s:52:8:53:Infinity":16,"b:53:10:53:34:53:34:53:Infinity":0,"s:58:32:58:Infinity":17},"fnNames":{}}}
,"C:\\Users\\Жадыра\\WebstormProjects\\skillo\\src\\slices\\favoritesSlice.ts": {"path":"C:\\Users\\Жадыра\\WebstormProjects\\skillo\\src\\slices\\favoritesSlice.ts","statementMap":{"0":{"start":{"line":8,"column":33},"end":{"line":11,"column":null}},"1":{"start":{"line":10,"column":8},"end":{"line":10,"column":null}},"2":{"start":{"line":18,"column":38},"end":{"line":21,"column":null}},"3":{"start":{"line":23,"column":30},"end":{"line":52,"column":null}},"4":{"start":{"line":28,"column":17},"end":{"line":28,"column":null}},"5":{"start":{"line":29,"column":6},"end":{"line":33,"column":null}},"6":{"start":{"line":30,"column":8},"end":{"line":30,"column":null}},"7":{"start":{"line":30,"column":48},"end":{"line":30,"column":60}},"8":{"start":{"line":32,"column":8},"end":{"line":32,"column":null}},"9":{"start":{"line":37,"column":4},"end":{"line":50,"column":null}},"10":{"start":{"line":39,"column":8},"end":{"line":39,"column":null}},"11":{"start":{"line":40,"column":8},"end":{"line":40,"column":null}},"12":{"start":{"line":43,"column":8},"end":{"line":43,"column":null}},"13":{"start":{"line":44,"column":8},"end":{"line":44,"column":null}},"14":{"start":{"line":45,"column":8},"end":{"line":45,"column":null}},"15":{"start":{"line":48,"column":8},"end":{"line":48,"column":null}},"16":{"start":{"line":49,"column":8},"end":{"line":49,"column":null}},"17":{"start":{"line":54,"column":34},"end":{"line":54,"column":null}}},"fnMap":{"0":{"name":"(anonymous_0)","decl":{"start":{"line":9,"column":2},"end":{"line":9,"column":null}},"loc":{"start":{"line":10,"column":8},"end":{"line":10,"column":null}},"line":10},"1":{"name":"(anonymous_1)","decl":{"start":{"line":27,"column":4},"end":{"line":27,"column":21}},"loc":{"start":{"line":27,"column":62},"end":{"line":34,"column":null}},"line":27},"2":{"name":"(anonymous_2)","decl":{"start":{"line":30,"column":30},"end":{"line":30,"column":38}},"loc":{"start":{"line":30,"column":48},"end":{"line":30,"column":60}},"line":30},"3":{"name":"(anonymous_3)","decl":{"start":{"line":36,"column":2},"end":{"line":36,"column":18}},"loc":{"start":{"line":36,"column":30},"end":{"line":51,"column":null}},"line":36},"4":{"name":"(anonymous_4)","decl":{"start":{"line":38,"column":33},"end":{"line":38,"column":43}},"loc":{"start":{"line":38,"column":53},"end":{"line":41,"column":7}},"line":38},"5":{"name":"(anonymous_5)","decl":{"start":{"line":42,"column":33},"end":{"line":42,"column":45}},"loc":{"start":{"line":42,"column":63},"end":{"line":46,"column":7}},"line":42},"6":{"name":"(anonymous_6)","decl":{"start":{"line":47,"column":33},"end":{"line":47,"column":44}},"loc":{"start":{"line":47,"column":62},"end":{"line":50,"column":7}},"line":47}},"branchMap":{"0":{"loc":{"start":{"line":29,"column":6},"end":{"line":33,"column":null}},"type":"if","locations":[{"start":{"line":29,"column":6},"end":{"line":33,"column":null}},{"start":{"line":31,"column":13},"end":{"line":33,"column":null}}],"line":29},"1":{"loc":{"start":{"line":49,"column":22},"end":{"line":49,"column":null}},"type":"binary-expr","locations":[{"start":{"line":49,"column":22},"end":{"line":49,"column":46}},{"start":{"line":49,"column":46},"end":{"line":49,"column":null}}],"line":49}},"s":{"0":1,"1":0,"2":1,"3":1,"4":1,"5":1,"6":1,"7":3,"8":0,"9":1,"10":1,"11":1,"12":1,"13":1,"14":1,"15":2,"16":2,"17":1},"f":{"0":0,"1":1,"2":3,"3":1,"4":1,"5":1,"6":2},"b":{"0":[1,0],"1":[2,1]},"meta":{"lastBranch":2,"lastFunction":7,"lastStatement":18,"seen":{"s:8:33:11:Infinity":0,"f:9:2:9:Infinity":0,"s:10:8:10:Infinity":1,"s:18:38:21:Infinity":2,"s:23:30:52:Infinity":3,"f:27:4:27:21":1,"s:28:17:28:Infinity":4,"b:29:6:33:Infinity:31:13:33:Infinity":0,"s:29:6:33:Infinity":5,"s:30:8:30:Infinity":6,"f:30:30:30:38":2,"s:30:48:30:60":7,"s:32:8:32:Infinity":8,"f:36:2:36:18":3,"s:37:4:50:Infinity":9,"f:38:33:38:43":4,"s:39:8:39:Infinity":10,"s:40:8:40:Infinity":11,"f:42:33:42:45":5,"s:43:8:43:Infinity":12,"s:44:8:44:Infinity":13,"s:45:8:45:Infinity":14,"f:47:33:47:44":6,"s:48:8:48:Infinity":15,"s:49:8:49:Infinity":16,"b:49:22:49:46:49:46:49:Infinity":1,"s:54:34:54:Infinity":17},"fnNames":{}}}
,"C:\\Users\\Жадыра\\WebstormProjects\\skillo\\src\\slices\\filterSlice.ts": {"path":"C:\\Users\\Жадыра\\WebstormProjects\\skillo\\src\\slices\\filterSlice.ts","statementMap":{"0":{"start":{"line":11,"column":35},"end":{"line":17,"column":null}},"1":{"start":{"line":19,"column":27},"end":{"line":74,"column":null}},"2":{"start":{"line":24,"column":17},"end":{"line":24,"column":null}},"3":{"start":{"line":25,"column":6},"end":{"line":31,"column":null}},"4":{"start":{"line":26,"column":8},"end":{"line":28,"column":null}},"5":{"start":{"line":27,"column":20},"end":{"line":27,"column":null}},"6":{"start":{"line":30,"column":8},"end":{"line":30,"column":null}},"7":{"start":{"line":37,"column":44},"end":{"line":37,"column":null}},"8":{"start":{"line":38,"column":6},"end":{"line":48,"column":null}},"9":{"start":{"line":39,"column":8},"end":{"line":43,"column":null}},"10":{"start":{"line":40,"column":10},"end":{"line":42,"column":null}},"11":{"start":{"line":41,"column":12},"end":{"line":41,"column":null}},"12":{"start":{"line":45,"column":8},"end":{"line":47,"column":null}},"13":{"start":{"line":46,"column":18},"end":{"line":46,"column":null}},"14":{"start":{"line":54,"column":6},"end":{"line":54,"column":null}},"15":{"start":{"line":57,"column":6},"end":{"line":57,"column":null}},"16":{"start":{"line":60,"column":17},"end":{"line":60,"column":null}},"17":{"start":{"line":61,"column":6},"end":{"line":67,"column":null}},"18":{"start":{"line":62,"column":8},"end":{"line":64,"column":null}},"19":{"start":{"line":63,"column":20},"end":{"line":63,"column":null}},"20":{"start":{"line":66,"column":8},"end":{"line":66,"column":null}},"21":{"start":{"line":70,"column":6},"end":{"line":70,"column":null}},"22":{"start":{"line":72,"column":24},"end":{"line":72,"column":null}},"23":{"start":{"line":84,"column":4},"end":{"line":84,"column":null}}},"fnMap":{"0":{"name":"(anonymous_0)","decl":{"start":{"line":23,"column":4},"end":{"line":23,"column":24}},"loc":{"start":{"line":23,"column":65},"end":{"line":32,"column":null}},"line":23},"1":{"name":"(anonymous_1)","decl":{"start":{"line":26,"column":68},"end":{"line":26,"column":null}},"loc":{"start":{"line":27,"column":20},"end":{"line":27,"column":null}},"line":27},"2":{"name":"(anonymous_2)","decl":{"start":{"line":33,"column":4},"end":{"line":33,"column":null}},"loc":{"start":{"line":36,"column":9},"end":{"line":49,"column":null}},"line":36},"3":{"name":"(anonymous_3)","decl":{"start":{"line":39,"column":23},"end":{"line":39,"column":32}},"loc":{"start":{"line":39,"column":39},"end":{"line":43,"column":9}},"line":39},"4":{"name":"(anonymous_4)","decl":{"start":{"line":45,"column":68},"end":{"line":45,"column":null}},"loc":{"start":{"line":46,"column":18},"end":{"line":46,"column":null}},"line":46},"5":{"name":"(anonymous_5)","decl":{"start":{"line":50,"column":4},"end":{"line":50,"column":null}},"loc":{"start":{"line":53,"column":9},"end":{"line":55,"column":null}},"line":53},"6":{"name":"(anonymous_6)","decl":{"start":{"line":56,"column":4},"end":{"line":56,"column":16}},"loc":{"start":{"line":56,"column":76},"end":{"line":58,"column":null}},"line":56},"7":{"name":"(anonymous_7)","decl":{"start":{"line":59,"column":4},"end":{"line":59,"column":17}},"loc":{"start":{"line":59,"column":58},"end":{"line":68,"column":null}},"line":59},"8":{"name":"(anonymous_8)","decl":{"start":{"line":62,"column":54},"end":{"line":62,"column":null}},"loc":{"start":{"line":63,"column":20},"end":{"line":63,"column":null}},"line":63},"9":{"name":"(anonymous_9)","decl":{"start":{"line":69,"column":4},"end":{"line":69,"column":16}},"loc":{"start":{"line":69,"column":57},"end":{"line":71,"column":null}},"line":69},"10":{"name":"(anonymous_10)","decl":{"start":{"line":72,"column":4},"end":{"line":72,"column":24}},"loc":{"start":{"line":72,"column":24},"end":{"line":72,"column":null}},"line":72}},"branchMap":{"0":{"loc":{"start":{"line":25,"column":6},"end":{"line":31,"column":null}},"type":"if","locations":[{"start":{"line":25,"column":6},"end":{"line":31,"column":null}},{"start":{"line":29,"column":13},"end":{"line":31,"column":null}}],"line":25},"1":{"loc":{"start":{"line":38,"column":6},"end":{"line":48,"column":null}},"type":"if","locations":[{"start":{"line":38,"column":6},"end":{"line":48,"column":null}},{"start":{"line":44,"column":13},"end":{"line":48,"column":null}}],"line":38},"2":{"loc":{"start":{"line":40,"column":10},"end":{"line":42,"column":null}},"type":"if","locations":[{"start":{"line":40,"column":10},"end":{"line":42,"column":null}},{"start":{},"end":{}}],"line":40},"3":{"loc":{"start":{"line":61,"column":6},"end":{"line":67,"column":null}},"type":"if","locations":[{"start":{"line":61,"column":6},"end":{"line":67,"column":null}},{"start":{"line":65,"column":13},"end":{"line":67,"column":null}}],"line":61}},"s":{"0":1,"1":1,"2":2,"3":2,"4":1,"5":2,"6":1,"7":3,"8":3,"9":2,"10":5,"11":4,"12":1,"13":3,"14":3,"15":3,"16":2,"17":2,"18":1,"19":3,"20":1,"21":2,"22":1,"23":1},"f":{"0":2,"1":2,"2":3,"3":5,"4":3,"5":3,"6":3,"7":2,"8":3,"9":2,"10":1},"b":{"0":[1,1],"1":[2,1],"2":[4,1],"3":[1,1]},"meta":{"lastBranch":4,"lastFunction":11,"lastStatement":24,"seen":{"s:11:35:17:Infinity":0,"s:19:27:74:Infinity":1,"f:23:4:23:24":0,"s:24:17:24:Infinity":2,"b:25:6:31:Infinity:29:13:31:Infinity":0,"s:25:6:31:Infinity":3,"s:26:8:28:Infinity":4,"f:26:68:26:Infinity":1,"s:27:20:27:Infinity":5,"s:30:8:30:Infinity":6,"f:33:4:33:Infinity":2,"s:37:44:37:Infinity":7,"b:38:6:48:Infinity:44:13:48:Infinity":1,"s:38:6:48:Infinity":8,"s:39:8:43:Infinity":9,"f:39:23:39:32":3,"b:40:10:42:Infinity:undefined:undefined:undefined:undefined":2,"s:40:10:42:Infinity":10,"s:41:12:41:Infinity":11,"s:45:8:47:Infinity":12,"f:45:68:45:Infinity":4,"s:46:18:46:Infinity":13,"f:50:4:50:Infinity":5,"s:54:6:54:Infinity":14,"f:56:4:56:16":6,"s:57:6:57:Infinity":15,"f:59:4:59:17":7,"s:60:17:60:Infinity":16,"b:61:6:67:Infinity:65:13:67:Infinity":3,"s:61:6:67:Infinity":17,"s:62:8:64:Infinity":18,"f:62:54:62:Infinity":8,"s:63:20:63:Infinity":19,"s:66:8:66:Infinity":20,"f:69:4:69:16":9,"s:70:6:70:Infinity":21,"f:72:4:72:24":10,"s:72:24:72:Infinity":22,"s:84:4:84:Infinity":23},"fnNames":{}}}
,"C:\\Users\\Жадыра\\WebstormProjects\\skillo\\src\\slices\\notificationSlice.ts": {"path":"C:\\Users\\Жадыра\\WebstormProjects\\skillo\\src\\slices\\notificationSlice.ts","statementMap":{"0":{"start":{"line":8,"column":25},"end":{"line":8,"column":null}},"1":{"start":{"line":9,"column":30},"end":{"line":9,"column":null}},"2":{"start":{"line":11,"column":32},"end":{"line":19,"column":null}},"3":{"start":{"line":15,"column":18},"end":{"line":15,"column":null}},"4":{"start":{"line":16,"column":23},"end":{"line":16,"column":null}},"5":{"start":{"line":18,"column":2},"end":{"line":18,"column":null}},"6":{"start":{"line":21,"column":6},"end":{"line":23,"column":null}},"7":{"start":{"line":22,"column":2},"end":{"line":22,"column":null}},"8":{"start":{"line":32,"column":42},"end":{"line":37,"column":null}},"9":{"start":{"line":39,"column":34},"end":{"line":74,"column":null}},"10":{"start":{"line":44,"column":21},"end":{"line":44,"column":null}},"11":{"start":{"line":45,"column":6},"end":{"line":45,"column":null}},"12":{"start":{"line":46,"column":6},"end":{"line":46,"column":null}},"13":{"start":{"line":49,"column":21},"end":{"line":51,"column":null}},"14":{"start":{"line":52,"column":6},"end":{"line":52,"column":null}},"15":{"start":{"line":53,"column":6},"end":{"line":53,"column":null}},"16":{"start":{"line":54,"column":6},"end":{"line":54,"column":null}},"17":{"start":{"line":55,"column":6},"end":{"line":55,"column":null}},"18":{"start":{"line":59,"column":4},"end":{"line":72,"column":null}},"19":{"start":{"line":61,"column":8},"end":{"line":61,"column":null}},"20":{"start":{"line":62,"column":8},"end":{"line":62,"column":null}},"21":{"start":{"line":65,"column":8},"end":{"line":65,"column":null}},"22":{"start":{"line":66,"column":8},"end":{"line":66,"column":null}},"23":{"start":{"line":67,"column":8},"end":{"line":67,"column":null}},"24":{"start":{"line":70,"column":8},"end":{"line":70,"column":null}},"25":{"start":{"line":71,"column":8},"end":{"line":71,"column":null}},"26":{"start":{"line":76,"column":42},"end":{"line":76,"column":null}}},"fnMap":{"0":{"name":"(anonymous_0)","decl":{"start":{"line":14,"column":32},"end":{"line":14,"column":44}},"loc":{"start":{"line":14,"column":44},"end":{"line":19,"column":1}},"line":14},"1":{"name":"(anonymous_1)","decl":{"start":{"line":21,"column":6},"end":{"line":21,"column":17}},"loc":{"start":{"line":21,"column":48},"end":{"line":23,"column":null}},"line":21},"2":{"name":"(anonymous_2)","decl":{"start":{"line":43,"column":4},"end":{"line":43,"column":18}},"loc":{"start":{"line":43,"column":61},"end":{"line":47,"column":null}},"line":43},"3":{"name":"(anonymous_3)","decl":{"start":{"line":48,"column":4},"end":{"line":48,"column":16}},"loc":{"start":{"line":48,"column":26},"end":{"line":56,"column":null}},"line":48},"4":{"name":"(anonymous_4)","decl":{"start":{"line":58,"column":2},"end":{"line":58,"column":18}},"loc":{"start":{"line":58,"column":30},"end":{"line":73,"column":null}},"line":58},"5":{"name":"(anonymous_5)","decl":{"start":{"line":60,"column":32},"end":{"line":60,"column":42}},"loc":{"start":{"line":60,"column":52},"end":{"line":63,"column":7}},"line":60},"6":{"name":"(anonymous_6)","decl":{"start":{"line":64,"column":32},"end":{"line":64,"column":44}},"loc":{"start":{"line":64,"column":62},"end":{"line":68,"column":7}},"line":64},"7":{"name":"(anonymous_7)","decl":{"start":{"line":69,"column":32},"end":{"line":69,"column":43}},"loc":{"start":{"line":69,"column":61},"end":{"line":72,"column":7}},"line":69}},"branchMap":{"0":{"loc":{"start":{"line":71,"column":22},"end":{"line":71,"column":null}},"type":"binary-expr","locations":[{"start":{"line":71,"column":22},"end":{"line":71,"column":46}},{"start":{"line":71,"column":46},"end":{"line":71,"column":null}}],"line":71}},"s":{"0":1,"1":1,"2":1,"3":0,"4":0,"5":0,"6":1,"7":3,"8":1,"9":1,"10":1,"11":1,"12":1,"13":1,"14":1,"15":1,"16":1,"17":1,"18":1,"19":1,"20":1,"21":1,"22":1,"23":1,"24":2,"25":2,"26":1},"f":{"0":0,"1":3,"2":1,"3":1,"4":1,"5":1,"6":1,"7":2},"b":{"0":[2,0]},"meta":{"lastBranch":1,"lastFunction":8,"lastStatement":27,"seen":{"s:8:25:8:Infinity":0,"s:9:30:9:Infinity":1,"s:11:32:19:Infinity":2,"f:14:32:14:44":0,"s:15:18:15:Infinity":3,"s:16:23:16:Infinity":4,"s:18:2:18:Infinity":5,"s:21:6:23:Infinity":6,"f:21:6:21:17":1,"s:22:2:22:Infinity":7,"s:32:42:37:Infinity":8,"s:39:34:74:Infinity":9,"f:43:4:43:18":2,"s:44:21:44:Infinity":10,"s:45:6:45:Infinity":11,"s:46:6:46:Infinity":12,"f:48:4:48:16":3,"s:49:21:51:Infinity":13,"s:52:6:52:Infinity":14,"s:53:6:53:Infinity":15,"s:54:6:54:Infinity":16,"s:55:6:55:Infinity":17,"f:58:2:58:18":4,"s:59:4:72:Infinity":18,"f:60:32:60:42":5,"s:61:8:61:Infinity":19,"s:62:8:62:Infinity":20,"f:64:32:64:44":6,"s:65:8:65:Infinity":21,"s:66:8:66:Infinity":22,"s:67:8:67:Infinity":23,"f:69:32:69:43":7,"s:70:8:70:Infinity":24,"s:71:8:71:Infinity":25,"b:71:22:71:46:71:46:71:Infinity":0,"s:76:42:76:Infinity":26},"fnNames":{}}}
,"C:\\Users\\Жадыра\\WebstormProjects\\skillo\\src\\slices\\profileSlice.ts": {"path":"C:\\Users\\Жадыра\\WebstormProjects\\skillo\\src\\slices\\profileSlice.ts","statementMap":{"0":{"start":{"line":21,"column":41},"end":{"line":25,"column":null}},"1":{"start":{"line":27,"column":31},"end":{"line":30,"column":null}},"2":{"start":{"line":29,"column":14},"end":{"line":29,"column":null}},"3":{"start":{"line":32,"column":34},"end":{"line":40,"column":null}},"4":{"start":{"line":36,"column":16},"end":{"line":36,"column":null}},"5":{"start":{"line":37,"column":17},"end":{"line":37,"column":null}},"6":{"start":{"line":39,"column":2},"end":{"line":39,"column":null}},"7":{"start":{"line":42,"column":28},"end":{"line":103,"column":null}},"8":{"start":{"line":47,"column":22},"end":{"line":47,"column":null}},"9":{"start":{"line":48,"column":6},"end":{"line":51,"column":null}},"10":{"start":{"line":49,"column":54},"end":{"line":49,"column":null}},"11":{"start":{"line":50,"column":8},"end":{"line":50,"column":null}},"12":{"start":{"line":52,"column":6},"end":{"line":52,"column":null}},"13":{"start":{"line":54,"column":30},"end":{"line":54,"column":null}},"14":{"start":{"line":57,"column":4},"end":{"line":101,"column":null}},"15":{"start":{"line":59,"column":8},"end":{"line":59,"column":null}},"16":{"start":{"line":60,"column":8},"end":{"line":60,"column":null}},"17":{"start":{"line":63,"column":8},"end":{"line":63,"column":null}},"18":{"start":{"line":64,"column":8},"end":{"line":64,"column":null}},"19":{"start":{"line":65,"column":8},"end":{"line":65,"column":null}},"20":{"start":{"line":66,"column":8},"end":{"line":66,"column":null}},"21":{"start":{"line":67,"column":8},"end":{"line":67,"column":null}},"22":{"start":{"line":68,"column":8},"end":{"line":68,"column":null}},"23":{"start":{"line":69,"column":8},"end":{"line":69,"column":null}},"24":{"start":{"line":70,"column":8},"end":{"line":70,"column":null}},"25":{"start":{"line":71,"column":8},"end":{"line":71,"column":null}},"26":{"start":{"line":72,"column":8},"end":{"line":72,"column":null}},"27":{"start":{"line":73,"column":8},"end":{"line":73,"column":null}},"28":{"start":{"line":74,"column":8},"end":{"line":74,"column":null}},"29":{"start":{"line":77,"column":8},"end":{"line":77,"column":null}},"30":{"start":{"line":78,"column":8},"end":{"line":78,"column":null}},"31":{"start":{"line":81,"column":8},"end":{"line":81,"column":null}},"32":{"start":{"line":82,"column":8},"end":{"line":82,"column":null}},"33":{"start":{"line":85,"column":8},"end":{"line":85,"column":null}},"34":{"start":{"line":86,"column":8},"end":{"line":86,"column":null}},"35":{"start":{"line":87,"column":8},"end":{"line":87,"column":null}},"36":{"start":{"line":88,"column":8},"end":{"line":88,"column":null}},"37":{"start":{"line":89,"column":8},"end":{"line":89,"column":null}},"38":{"start":{"line":90,"column":8},"end":{"line":90,"column":null}},"39":{"start":{"line":91,"column":8},"end":{"line":91,"column":null}},"40":{"start":{"line":92,"column":8},"end":{"line":92,"column":null}},"41":{"start":{"line":93,"column":8},"end":{"line":93,"column":null}},"42":{"start":{"line":94,"column":8},"end":{"line":94,"column":null}},"43":{"start":{"line":95,"column":8},"end":{"line":95,"column":null}},"44":{"start":{"line":96,"column":8},"end":{"line":96,"column":null}},"45":{"start":{"line":99,"column":8},"end":{"line":99,"column":null}},"46":{"start":{"line":100,"column":8},"end":{"line":100,"column":null}},"47":{"start":{"line":105,"column":44},"end":{"line":105,"column":null}}},"fnMap":{"0":{"name":"(anonymous_0)","decl":{"start":{"line":29,"column":2},"end":{"line":29,"column":14}},"loc":{"start":{"line":29,"column":14},"end":{"line":29,"column":null}},"line":29},"1":{"name":"(anonymous_1)","decl":{"start":{"line":35,"column":20},"end":{"line":35,"column":27}},"loc":{"start":{"line":35,"column":36},"end":{"line":40,"column":1}},"line":35},"2":{"name":"(anonymous_2)","decl":{"start":{"line":46,"column":4},"end":{"line":46,"column":17}},"loc":{"start":{"line":46,"column":65},"end":{"line":53,"column":null}},"line":46},"3":{"name":"(anonymous_3)","decl":{"start":{"line":54,"column":4},"end":{"line":54,"column":19}},"loc":{"start":{"line":54,"column":30},"end":{"line":54,"column":null}},"line":54},"4":{"name":"(anonymous_4)","decl":{"start":{"line":56,"column":2},"end":{"line":56,"column":18}},"loc":{"start":{"line":56,"column":30},"end":{"line":102,"column":null}},"line":56},"5":{"name":"(anonymous_5)","decl":{"start":{"line":58,"column":31},"end":{"line":58,"column":41}},"loc":{"start":{"line":58,"column":51},"end":{"line":61,"column":7}},"line":58},"6":{"name":"(anonymous_6)","decl":{"start":{"line":62,"column":31},"end":{"line":62,"column":43}},"loc":{"start":{"line":62,"column":61},"end":{"line":75,"column":7}},"line":62},"7":{"name":"(anonymous_7)","decl":{"start":{"line":76,"column":31},"end":{"line":76,"column":42}},"loc":{"start":{"line":76,"column":60},"end":{"line":79,"column":7}},"line":76},"8":{"name":"(anonymous_8)","decl":{"start":{"line":80,"column":34},"end":{"line":80,"column":44}},"loc":{"start":{"line":80,"column":54},"end":{"line":83,"column":7}},"line":80},"9":{"name":"(anonymous_9)","decl":{"start":{"line":84,"column":34},"end":{"line":84,"column":46}},"loc":{"start":{"line":84,"column":64},"end":{"line":97,"column":7}},"line":84},"10":{"name":"(anonymous_10)","decl":{"start":{"line":98,"column":34},"end":{"line":98,"column":45}},"loc":{"start":{"line":98,"column":63},"end":{"line":101,"column":7}},"line":98}},"branchMap":{"0":{"loc":{"start":{"line":37,"column":17},"end":{"line":37,"column":null}},"type":"cond-expr","locations":[{"start":{"line":37,"column":25},"end":{"line":37,"column":45}},{"start":{"line":37,"column":45},"end":{"line":37,"column":null}}],"line":37},"1":{"loc":{"start":{"line":39,"column":35},"end":{"line":39,"column":54}},"type":"binary-expr","locations":[{"start":{"line":39,"column":35},"end":{"line":39,"column":52}},{"start":{"line":39,"column":52},"end":{"line":39,"column":54}}],"line":39},"2":{"loc":{"start":{"line":69,"column":28},"end":{"line":69,"column":null}},"type":"binary-expr","locations":[{"start":{"line":69,"column":28},"end":{"line":69,"column":58}},{"start":{"line":69,"column":58},"end":{"line":69,"column":null}}],"line":69},"3":{"loc":{"start":{"line":78,"column":22},"end":{"line":78,"column":null}},"type":"binary-expr","locations":[{"start":{"line":78,"column":22},"end":{"line":78,"column":46}},{"start":{"line":78,"column":46},"end":{"line":78,"column":null}}],"line":78},"4":{"loc":{"start":{"line":91,"column":28},"end":{"line":91,"column":null}},"type":"binary-expr","locations":[{"start":{"line":91,"column":28},"end":{"line":91,"column":58}},{"start":{"line":91,"column":58},"end":{"line":91,"column":null}}],"line":91},"5":{"loc":{"start":{"line":100,"column":22},"end":{"line":100,"column":null}},"type":"binary-expr","locations":[{"start":{"line":100,"column":22},"end":{"line":100,"column":46}},{"start":{"line":100,"column":46},"end":{"line":100,"column":null}}],"line":100}},"s":{"0":1,"1":1,"2":0,"3":1,"4":0,"5":0,"6":0,"7":1,"8":2,"9":2,"10":2,"11":2,"12":2,"13":1,"14":1,"15":1,"16":1,"17":1,"18":1,"19":1,"20":1,"21":1,"22":1,"23":1,"24":1,"25":1,"26":1,"27":1,"28":1,"29":2,"30":2,"31":1,"32":1,"33":1,"34":1,"35":1,"36":1,"37":1,"38":1,"39":1,"40":1,"41":1,"42":1,"43":1,"44":1,"45":1,"46":1,"47":1},"f":{"0":0,"1":0,"2":2,"3":1,"4":1,"5":1,"6":1,"7":2,"8":1,"9":1,"10":1},"b":{"0":[0,0],"1":[0,0],"2":[1,1],"3":[2,1],"4":[1,1],"5":[1,0]},"meta":{"lastBranch":6,"lastFunction":11,"lastStatement":48,"seen":{"s:21:41:25:Infinity":0,"s:27:31:30:Infinity":1,"f:29:2:29:14":0,"s:29:14:29:Infinity":2,"s:32:34:40:Infinity":3,"f:35:20:35:27":1,"s:36:16:36:Infinity":4,"s:37:17:37:Infinity":5,"b:37:25:37:45:37:45:37:Infinity":0,"s:39:2:39:Infinity":6,"b:39:35:39:52:39:52:39:54":1,"s:42:28:103:Infinity":7,"f:46:4:46:17":2,"s:47:22:47:Infinity":8,"s:48:6:51:Infinity":9,"s:49:54:49:Infinity":10,"s:50:8:50:Infinity":11,"s:52:6:52:Infinity":12,"f:54:4:54:19":3,"s:54:30:54:Infinity":13,"f:56:2:56:18":4,"s:57:4:101:Infinity":14,"f:58:31:58:41":5,"s:59:8:59:Infinity":15,"s:60:8:60:Infinity":16,"f:62:31:62:43":6,"s:63:8:63:Infinity":17,"s:64:8:64:Infinity":18,"s:65:8:65:Infinity":19,"s:66:8:66:Infinity":20,"s:67:8:67:Infinity":21,"s:68:8:68:Infinity":22,"s:69:8:69:Infinity":23,"b:69:28:69:58:69:58:69:Infinity":2,"s:70:8:70:Infinity":24,"s:71:8:71:Infinity":25,"s:72:8:72:Infinity":26,"s:73:8:73:Infinity":27,"s:74:8:74:Infinity":28,"f:76:31:76:42":7,"s:77:8:77:Infinity":29,"s:78:8:78:Infinity":30,"b:78:22:78:46:78:46:78:Infinity":3,"f:80:34:80:44":8,"s:81:8:81:Infinity":31,"s:82:8:82:Infinity":32,"f:84:34:84:46":9,"s:85:8:85:Infinity":33,"s:86:8:86:Infinity":34,"s:87:8:87:Infinity":35,"s:88:8:88:Infinity":36,"s:89:8:89:Infinity":37,"s:90:8:90:Infinity":38,"s:91:8:91:Infinity":39,"b:91:28:91:58:91:58:91:Infinity":4,"s:92:8:92:Infinity":40,"s:93:8:93:Infinity":41,"s:94:8:94:Infinity":42,"s:95:8:95:Infinity":43,"s:96:8:96:Infinity":44,"f:98:34:98:45":10,"s:99:8:99:Infinity":45,"s:100:8:100:Infinity":46,"b:100:22:100:46:100:46:100:Infinity":5,"s:105:44:105:Infinity":47},"fnNames":{}}}
,"C:\\Users\\Жадыра\\WebstormProjects\\skillo\\src\\slices\\requestSlice.ts": {"path":"C:\\Users\\Жадыра\\WebstormProjects\\skillo\\src\\slices\\requestSlice.ts","statementMap":{"0":{"start":{"line":18,"column":37},"end":{"line":22,"column":null}},"1":{"start":{"line":24,"column":32},"end":{"line":27,"column":null}},"2":{"start":{"line":26,"column":8},"end":{"line":26,"column":null}},"3":{"start":{"line":29,"column":34},"end":{"line":32,"column":null}},"4":{"start":{"line":31,"column":32},"end":{"line":31,"column":null}},"5":{"start":{"line":34,"column":40},"end":{"line":38,"column":null}},"6":{"start":{"line":37,"column":4},"end":{"line":37,"column":null}},"7":{"start":{"line":40,"column":29},"end":{"line":95,"column":null}},"8":{"start":{"line":45,"column":4},"end":{"line":93,"column":null}},"9":{"start":{"line":47,"column":8},"end":{"line":47,"column":null}},"10":{"start":{"line":48,"column":8},"end":{"line":48,"column":null}},"11":{"start":{"line":53,"column":10},"end":{"line":53,"column":null}},"12":{"start":{"line":54,"column":10},"end":{"line":54,"column":null}},"13":{"start":{"line":58,"column":8},"end":{"line":58,"column":null}},"14":{"start":{"line":59,"column":8},"end":{"line":59,"column":null}},"15":{"start":{"line":62,"column":8},"end":{"line":62,"column":null}},"16":{"start":{"line":63,"column":8},"end":{"line":63,"column":null}},"17":{"start":{"line":66,"column":8},"end":{"line":66,"column":null}},"18":{"start":{"line":67,"column":8},"end":{"line":67,"column":null}},"19":{"start":{"line":70,"column":8},"end":{"line":70,"column":null}},"20":{"start":{"line":71,"column":8},"end":{"line":71,"column":null}},"21":{"start":{"line":74,"column":8},"end":{"line":74,"column":null}},"22":{"start":{"line":75,"column":8},"end":{"line":75,"column":null}},"23":{"start":{"line":80,"column":10},"end":{"line":80,"column":null}},"24":{"start":{"line":81,"column":24},"end":{"line":83,"column":null}},"25":{"start":{"line":82,"column":19},"end":{"line":82,"column":null}},"26":{"start":{"line":84,"column":10},"end":{"line":86,"column":null}},"27":{"start":{"line":85,"column":12},"end":{"line":85,"column":null}},"28":{"start":{"line":90,"column":8},"end":{"line":90,"column":null}},"29":{"start":{"line":91,"column":8},"end":{"line":92,"column":null}}},"fnMap":{"0":{"name":"(anonymous_0)","decl":{"start":{"line":25,"column":2},"end":{"line":25,"column":null}},"loc":{"start":{"line":26,"column":8},"end":{"line":26,"column":null}},"line":26},"1":{"name":"(anonymous_1)","decl":{"start":{"line":30,"column":2},"end":{"line":30,"column":null}},"loc":{"start":{"line":31,"column":32},"end":{"line":31,"column":null}},"line":31},"2":{"name":"(anonymous_2)","decl":{"start":{"line":35,"column":2},"end":{"line":35,"column":null}},"loc":{"start":{"line":37,"column":4},"end":{"line":37,"column":null}},"line":37},"3":{"name":"(anonymous_3)","decl":{"start":{"line":44,"column":2},"end":{"line":44,"column":18}},"loc":{"start":{"line":44,"column":30},"end":{"line":94,"column":null}},"line":44},"4":{"name":"(anonymous_4)","decl":{"start":{"line":46,"column":32},"end":{"line":46,"column":42}},"loc":{"start":{"line":46,"column":52},"end":{"line":49,"column":7}},"line":46},"5":{"name":"(anonymous_5)","decl":{"start":{"line":51,"column":25},"end":{"line":51,"column":null}},"loc":{"start":{"line":52,"column":54},"end":{"line":55,"column":null}},"line":52},"6":{"name":"(anonymous_6)","decl":{"start":{"line":57,"column":32},"end":{"line":57,"column":43}},"loc":{"start":{"line":57,"column":61},"end":{"line":60,"column":7}},"line":57},"7":{"name":"(anonymous_7)","decl":{"start":{"line":61,"column":34},"end":{"line":61,"column":44}},"loc":{"start":{"line":61,"column":54},"end":{"line":64,"column":7}},"line":61},"8":{"name":"(anonymous_8)","decl":{"start":{"line":65,"column":34},"end":{"line":65,"column":46}},"loc":{"start":{"line":65,"column":64},"end":{"line":68,"column":7}},"line":65},"9":{"name":"(anonymous_9)","decl":{"start":{"line":69,"column":34},"end":{"line":69,"column":45}},"loc":{"start":{"line":69,"column":63},"end":{"line":72,"column":7}},"line":69},"10":{"name":"(anonymous_10)","decl":{"start":{"line":73,"column":40},"end":{"line":73,"column":50}},"loc":{"start":{"line":73,"column":60},"end":{"line":76,"column":7}},"line":73},"11":{"name":"(anonymous_11)","decl":{"start":{"line":78,"column":33},"end":{"line":78,"column":null}},"loc":{"start":{"line":79,"column":52},"end":{"line":87,"column":null}},"line":79},"12":{"name":"(anonymous_12)","decl":{"start":{"line":81,"column":36},"end":{"line":81,"column":null}},"loc":{"start":{"line":82,"column":19},"end":{"line":82,"column":null}},"line":82},"13":{"name":"(anonymous_13)","decl":{"start":{"line":89,"column":40},"end":{"line":89,"column":51}},"loc":{"start":{"line":89,"column":69},"end":{"line":93,"column":7}},"line":89}},"branchMap":{"0":{"loc":{"start":{"line":59,"column":22},"end":{"line":59,"column":null}},"type":"binary-expr","locations":[{"start":{"line":59,"column":22},"end":{"line":59,"column":46}},{"start":{"line":59,"column":46},"end":{"line":59,"column":null}}],"line":59},"1":{"loc":{"start":{"line":71,"column":22},"end":{"line":71,"column":null}},"type":"binary-expr","locations":[{"start":{"line":71,"column":22},"end":{"line":71,"column":46}},{"start":{"line":71,"column":46},"end":{"line":71,"column":null}}],"line":71},"2":{"loc":{"start":{"line":84,"column":10},"end":{"line":86,"column":null}},"type":"if","locations":[{"start":{"line":84,"column":10},"end":{"line":86,"column":null}},{"start":{},"end":{}}],"line":84},"3":{"loc":{"start":{"line":92,"column":10},"end":{"line":92,"column":null}},"type":"binary-expr","locations":[{"start":{"line":92,"column":10},"end":{"line":92,"column":34}},{"start":{"line":92,"column":34},"end":{"line":92,"column":null}}],"line":92}},"s":{"0":1,"1":1,"2":0,"3":1,"4":0,"5":1,"6":0,"7":1,"8":1,"9":1,"10":1,"11":1,"12":1,"13":1,"14":1,"15":1,"16":1,"17":1,"18":1,"19":3,"20":3,"21":1,"22":1,"23":1,"24":1,"25":1,"26":1,"27":1,"28":2,"29":2},"f":{"0":0,"1":0,"2":0,"3":1,"4":1,"5":1,"6":1,"7":1,"8":1,"9":3,"10":1,"11":1,"12":1,"13":2},"b":{"0":[1,1],"1":[3,1],"2":[1,0],"3":[2,1]},"meta":{"lastBranch":4,"lastFunction":14,"lastStatement":30,"seen":{"s:18:37:22:Infinity":0,"s:24:32:27:Infinity":1,"f:25:2:25:Infinity":0,"s:26:8:26:Infinity":2,"s:29:34:32:Infinity":3,"f:30:2:30:Infinity":1,"s:31:32:31:Infinity":4,"s:34:40:38:Infinity":5,"f:35:2:35:Infinity":2,"s:37:4:37:Infinity":6,"s:40:29:95:Infinity":7,"f:44:2:44:18":3,"s:45:4:93:Infinity":8,"f:46:32:46:42":4,"s:47:8:47:Infinity":9,"s:48:8:48:Infinity":10,"f:51:25:51:Infinity":5,"s:53:10:53:Infinity":11,"s:54:10:54:Infinity":12,"f:57:32:57:43":6,"s:58:8:58:Infinity":13,"s:59:8:59:Infinity":14,"b:59:22:59:46:59:46:59:Infinity":0,"f:61:34:61:44":7,"s:62:8:62:Infinity":15,"s:63:8:63:Infinity":16,"f:65:34:65:46":8,"s:66:8:66:Infinity":17,"s:67:8:67:Infinity":18,"f:69:34:69:45":9,"s:70:8:70:Infinity":19,"s:71:8:71:Infinity":20,"b:71:22:71:46:71:46:71:Infinity":1,"f:73:40:73:50":10,"s:74:8:74:Infinity":21,"s:75:8:75:Infinity":22,"f:78:33:78:Infinity":11,"s:80:10:80:Infinity":23,"s:81:24:83:Infinity":24,"f:81:36:81:Infinity":12,"s:82:19:82:Infinity":25,"b:84:10:86:Infinity:undefined:undefined:undefined:undefined":2,"s:84:10:86:Infinity":26,"s:85:12:85:Infinity":27,"f:89:40:89:51":13,"s:90:8:90:Infinity":28,"s:91:8:92:Infinity":29,"b:92:10:92:34:92:34:92:Infinity":3},"fnNames":{}}}
,"C:\\Users\\Жадыра\\WebstormProjects\\skillo\\src\\slices\\requestStatusWatcherSlice.ts": {"path":"C:\\Users\\Жадыра\\WebstormProjects\\skillo\\src\\slices\\requestStatusWatcherSlice.ts","statementMap":{"0":{"start":{"line":4,"column":26},"end":{"line":4,"column":null}},"1":{"start":{"line":8,"column":36},"end":{"line":11,"column":null}},"2":{"start":{"line":10,"column":8},"end":{"line":10,"column":null}},"3":{"start":{"line":13,"column":6},"end":{"line":15,"column":null}},"4":{"start":{"line":14,"column":2},"end":{"line":14,"column":null}},"5":{"start":{"line":23,"column":29},"end":{"line":27,"column":null}},"6":{"start":{"line":29,"column":41},"end":{"line":58,"column":null}},"7":{"start":{"line":37,"column":21},"end":{"line":37,"column":null}},"8":{"start":{"line":38,"column":6},"end":{"line":38,"column":null}},"9":{"start":{"line":39,"column":6},"end":{"line":39,"column":null}},"10":{"start":{"line":43,"column":4},"end":{"line":56,"column":null}},"11":{"start":{"line":45,"column":8},"end":{"line":45,"column":null}},"12":{"start":{"line":46,"column":8},"end":{"line":46,"column":null}},"13":{"start":{"line":49,"column":8},"end":{"line":49,"column":null}},"14":{"start":{"line":50,"column":8},"end":{"line":50,"column":null}},"15":{"start":{"line":53,"column":8},"end":{"line":53,"column":null}},"16":{"start":{"line":54,"column":8},"end":{"line":55,"column":null}},"17":{"start":{"line":60,"column":36},"end":{"line":60,"column":null}}},"fnMap":{"0":{"name":"(anonymous_0)","decl":{"start":{"line":9,"column":2},"end":{"line":9,"column":null}},"loc":{"start":{"line":10,"column":8},"end":{"line":10,"column":null}},"line":10},"1":{"name":"(anonymous_1)","decl":{"start":{"line":13,"column":6},"end":{"line":13,"column":26}},"loc":{"start":{"line":13,"column":54},"end":{"line":15,"column":null}},"line":13},"2":{"name":"(anonymous_2)","decl":{"start":{"line":33,"column":4},"end":{"line":33,"column":null}},"loc":{"start":{"line":36,"column":9},"end":{"line":40,"column":null}},"line":36},"3":{"name":"(anonymous_3)","decl":{"start":{"line":42,"column":2},"end":{"line":42,"column":18}},"loc":{"start":{"line":42,"column":30},"end":{"line":57,"column":null}},"line":42},"4":{"name":"(anonymous_4)","decl":{"start":{"line":44,"column":36},"end":{"line":44,"column":46}},"loc":{"start":{"line":44,"column":56},"end":{"line":47,"column":7}},"line":44},"5":{"name":"(anonymous_5)","decl":{"start":{"line":48,"column":36},"end":{"line":48,"column":48}},"loc":{"start":{"line":48,"column":66},"end":{"line":51,"column":7}},"line":48},"6":{"name":"(anonymous_6)","decl":{"start":{"line":52,"column":36},"end":{"line":52,"column":47}},"loc":{"start":{"line":52,"column":65},"end":{"line":56,"column":7}},"line":52}},"branchMap":{"0":{"loc":{"start":{"line":55,"column":10},"end":{"line":55,"column":null}},"type":"binary-expr","locations":[{"start":{"line":55,"column":10},"end":{"line":55,"column":34}},{"start":{"line":55,"column":34},"end":{"line":55,"column":null}}],"line":55}},"s":{"0":1,"1":1,"2":0,"3":1,"4":1,"5":1,"6":1,"7":1,"8":1,"9":1,"10":1,"11":1,"12":1,"13":1,"14":1,"15":2,"16":2,"17":1},"f":{"0":0,"1":1,"2":1,"3":1,"4":1,"5":1,"6":2},"b":{"0":[2,1]},"meta":{"lastBranch":1,"lastFunction":7,"lastStatement":18,"seen":{"s:4:26:4:Infinity":0,"s:8:36:11:Infinity":1,"f:9:2:9:Infinity":0,"s:10:8:10:Infinity":2,"s:13:6:15:Infinity":3,"f:13:6:13:26":1,"s:14:2:14:Infinity":4,"s:23:29:27:Infinity":5,"s:29:41:58:Infinity":6,"f:33:4:33:Infinity":2,"s:37:21:37:Infinity":7,"s:38:6:38:Infinity":8,"s:39:6:39:Infinity":9,"f:42:2:42:18":3,"s:43:4:56:Infinity":10,"f:44:36:44:46":4,"s:45:8:45:Infinity":11,"s:46:8:46:Infinity":12,"f:48:36:48:48":5,"s:49:8:49:Infinity":13,"s:50:8:50:Infinity":14,"f:52:36:52:47":6,"s:53:8:53:Infinity":15,"s:54:8:55:Infinity":16,"b:55:10:55:34:55:34:55:Infinity":0,"s:60:36:60:Infinity":17},"fnNames":{}}}
,"C:\\Users\\Жадыра\\WebstormProjects\\skillo\\src\\slices\\skillsSlice.ts": {"path":"C:\\Users\\Жадыра\\WebstormProjects\\skillo\\src\\slices\\skillsSlice.ts","statementMap":{"0":{"start":{"line":21,"column":35},"end":{"line":26,"column":null}},"1":{"start":{"line":27,"column":30},"end":{"line":29,"column":null}},"2":{"start":{"line":28,"column":2},"end":{"line":28,"column":null}},"3":{"start":{"line":31,"column":34},"end":{"line":33,"column":null}},"4":{"start":{"line":32,"column":2},"end":{"line":32,"column":null}},"5":{"start":{"line":34,"column":27},"end":{"line":71,"column":null}},"6":{"start":{"line":39,"column":4},"end":{"line":69,"column":null}},"7":{"start":{"line":41,"column":8},"end":{"line":41,"column":null}},"8":{"start":{"line":42,"column":8},"end":{"line":42,"column":null}},"9":{"start":{"line":43,"column":8},"end":{"line":43,"column":null}},"10":{"start":{"line":46,"column":8},"end":{"line":46,"column":null}},"11":{"start":{"line":47,"column":8},"end":{"line":47,"column":null}},"12":{"start":{"line":48,"column":8},"end":{"line":48,"column":null}},"13":{"start":{"line":51,"column":8},"end":{"line":51,"column":null}},"14":{"start":{"line":52,"column":8},"end":{"line":52,"column":null}},"15":{"start":{"line":53,"column":8},"end":{"line":53,"column":null}},"16":{"start":{"line":56,"column":8},"end":{"line":56,"column":null}},"17":{"start":{"line":57,"column":8},"end":{"line":57,"column":null}},"18":{"start":{"line":58,"column":8},"end":{"line":58,"column":null}},"19":{"start":{"line":61,"column":8},"end":{"line":61,"column":null}},"20":{"start":{"line":62,"column":8},"end":{"line":62,"column":null}},"21":{"start":{"line":63,"column":8},"end":{"line":63,"column":null}},"22":{"start":{"line":66,"column":8},"end":{"line":66,"column":null}},"23":{"start":{"line":67,"column":8},"end":{"line":67,"column":null}},"24":{"start":{"line":68,"column":8},"end":{"line":68,"column":null}}},"fnMap":{"0":{"name":"(anonymous_0)","decl":{"start":{"line":27,"column":47},"end":{"line":27,"column":null}},"loc":{"start":{"line":28,"column":2},"end":{"line":28,"column":null}},"line":28},"1":{"name":"(anonymous_1)","decl":{"start":{"line":31,"column":51},"end":{"line":31,"column":null}},"loc":{"start":{"line":32,"column":2},"end":{"line":32,"column":null}},"line":32},"2":{"name":"(anonymous_2)","decl":{"start":{"line":38,"column":2},"end":{"line":38,"column":18}},"loc":{"start":{"line":38,"column":30},"end":{"line":70,"column":null}},"line":38},"3":{"name":"(anonymous_3)","decl":{"start":{"line":40,"column":30},"end":{"line":40,"column":40}},"loc":{"start":{"line":40,"column":50},"end":{"line":44,"column":7}},"line":40},"4":{"name":"(anonymous_4)","decl":{"start":{"line":45,"column":30},"end":{"line":45,"column":42}},"loc":{"start":{"line":45,"column":60},"end":{"line":49,"column":7}},"line":45},"5":{"name":"(anonymous_5)","decl":{"start":{"line":50,"column":30},"end":{"line":50,"column":41}},"loc":{"start":{"line":50,"column":59},"end":{"line":54,"column":7}},"line":50},"6":{"name":"(anonymous_6)","decl":{"start":{"line":55,"column":34},"end":{"line":55,"column":44}},"loc":{"start":{"line":55,"column":54},"end":{"line":59,"column":7}},"line":55},"7":{"name":"(anonymous_7)","decl":{"start":{"line":60,"column":34},"end":{"line":60,"column":46}},"loc":{"start":{"line":60,"column":64},"end":{"line":64,"column":7}},"line":60},"8":{"name":"(anonymous_8)","decl":{"start":{"line":65,"column":34},"end":{"line":65,"column":45}},"loc":{"start":{"line":65,"column":63},"end":{"line":69,"column":7}},"line":65}},"branchMap":{"0":{"loc":{"start":{"line":53,"column":22},"end":{"line":53,"column":null}},"type":"binary-expr","locations":[{"start":{"line":53,"column":22},"end":{"line":53,"column":46}},{"start":{"line":53,"column":46},"end":{"line":53,"column":null}}],"line":53},"1":{"loc":{"start":{"line":68,"column":22},"end":{"line":68,"column":null}},"type":"binary-expr","locations":[{"start":{"line":68,"column":22},"end":{"line":68,"column":46}},{"start":{"line":68,"column":46},"end":{"line":68,"column":null}}],"line":68}},"s":{"0":1,"1":1,"2":0,"3":1,"4":0,"5":1,"6":1,"7":1,"8":1,"9":1,"10":1,"11":1,"12":1,"13":2,"14":2,"15":2,"16":1,"17":1,"18":1,"19":1,"20":1,"21":1,"22":2,"23":2,"24":2},"f":{"0":0,"1":0,"2":1,"3":1,"4":1,"5":2,"6":1,"7":1,"8":2},"b":{"0":[2,1],"1":[2,1]},"meta":{"lastBranch":2,"lastFunction":9,"lastStatement":25,"seen":{"s:21:35:26:Infinity":0,"s:27:30:29:Infinity":1,"f:27:47:27:Infinity":0,"s:28:2:28:Infinity":2,"s:31:34:33:Infinity":3,"f:31:51:31:Infinity":1,"s:32:2:32:Infinity":4,"s:34:27:71:Infinity":5,"f:38:2:38:18":2,"s:39:4:69:Infinity":6,"f:40:30:40:40":3,"s:41:8:41:Infinity":7,"s:42:8:42:Infinity":8,"s:43:8:43:Infinity":9,"f:45:30:45:42":4,"s:46:8:46:Infinity":10,"s:47:8:47:Infinity":11,"s:48:8:48:Infinity":12,"f:50:30:50:41":5,"s:51:8:51:Infinity":13,"s:52:8:52:Infinity":14,"s:53:8:53:Infinity":15,"b:53:22:53:46:53:46:53:Infinity":0,"f:55:34:55:44":6,"s:56:8:56:Infinity":16,"s:57:8:57:Infinity":17,"s:58:8:58:Infinity":18,"f:60:34:60:46":7,"s:61:8:61:Infinity":19,"s:62:8:62:Infinity":20,"s:63:8:63:Infinity":21,"f:65:34:65:45":8,"s:66:8:66:Infinity":22,"s:67:8:67:Infinity":23,"s:68:8:68:Infinity":24,"b:68:22:68:46:68:46:68:Infinity":1},"fnNames":{}}}
,"C:\\Users\\Жадыра\\WebstormProjects\\skillo\\src\\slices\\themeSlice.ts": {"path":"C:\\Users\\Жадыра\\WebstormProjects\\skillo\\src\\slices\\themeSlice.ts","statementMap":{"0":{"start":{"line":3,"column":26},"end":{"line":3,"column":null}},"1":{"start":{"line":7,"column":6},"end":{"line":14,"column":null}},"2":{"start":{"line":8,"column":2},"end":{"line":12,"column":null}},"3":{"start":{"line":9,"column":18},"end":{"line":9,"column":null}},"4":{"start":{"line":10,"column":4},"end":{"line":10,"column":null}},"5":{"start":{"line":10,"column":47},"end":{"line":10,"column":null}},"6":{"start":{"line":13,"column":2},"end":{"line":13,"column":null}},"7":{"start":{"line":20,"column":34},"end":{"line":22,"column":null}},"8":{"start":{"line":24,"column":26},"end":{"line":37,"column":null}},"9":{"start":{"line":29,"column":6},"end":{"line":29,"column":null}},"10":{"start":{"line":30,"column":6},"end":{"line":30,"column":null}},"11":{"start":{"line":33,"column":6},"end":{"line":33,"column":null}},"12":{"start":{"line":34,"column":6},"end":{"line":34,"column":null}},"13":{"start":{"line":39,"column":41},"end":{"line":39,"column":null}}},"fnMap":{"0":{"name":"(anonymous_0)","decl":{"start":{"line":7,"column":6},"end":{"line":7,"column":32}},"loc":{"start":{"line":7,"column":32},"end":{"line":14,"column":null}},"line":7},"1":{"name":"(anonymous_1)","decl":{"start":{"line":28,"column":4},"end":{"line":28,"column":18}},"loc":{"start":{"line":28,"column":28},"end":{"line":31,"column":null}},"line":28},"2":{"name":"(anonymous_2)","decl":{"start":{"line":32,"column":4},"end":{"line":32,"column":15}},"loc":{"start":{"line":32,"column":54},"end":{"line":35,"column":null}},"line":32}},"branchMap":{"0":{"loc":{"start":{"line":10,"column":4},"end":{"line":10,"column":null}},"type":"if","locations":[{"start":{"line":10,"column":4},"end":{"line":10,"column":null}},{"start":{},"end":{}}],"line":10},"1":{"loc":{"start":{"line":10,"column":8},"end":{"line":10,"column":47}},"type":"binary-expr","locations":[{"start":{"line":10,"column":8},"end":{"line":10,"column":29}},{"start":{"line":10,"column":29},"end":{"line":10,"column":47}}],"line":10},"2":{"loc":{"start":{"line":29,"column":20},"end":{"line":29,"column":null}},"type":"cond-expr","locations":[{"start":{"line":29,"column":46},"end":{"line":29,"column":55}},{"start":{"line":29,"column":55},"end":{"line":29,"column":null}}],"line":29}},"s":{"0":1,"1":1,"2":1,"3":1,"4":1,"5":0,"6":1,"7":1,"8":1,"9":2,"10":2,"11":1,"12":1,"13":1},"f":{"0":1,"1":2,"2":1},"b":{"0":[0,1],"1":[1,1],"2":[1,1]},"meta":{"lastBranch":3,"lastFunction":3,"lastStatement":14,"seen":{"s:3:26:3:Infinity":0,"s:7:6:14:Infinity":1,"f:7:6:7:32":0,"s:8:2:12:Infinity":2,"s:9:18:9:Infinity":3,"b:10:4:10:Infinity:undefined:undefined:undefined:undefined":0,"s:10:4:10:Infinity":4,"b:10:8:10:29:10:29:10:47":1,"s:10:47:10:Infinity":5,"s:13:2:13:Infinity":6,"s:20:34:22:Infinity":7,"s:24:26:37:Infinity":8,"f:28:4:28:18":1,"s:29:6:29:Infinity":9,"b:29:46:29:55:29:55:29:Infinity":2,"s:30:6:30:Infinity":10,"f:32:4:32:15":2,"s:33:6:33:Infinity":11,"s:34:6:34:Infinity":12,"s:39:41:39:Infinity":13},"fnNames":{}}}
}
